The system is: Darwin - 22.3.0 - arm64
Compiling the C compiler identification source file "CMakeCCompilerId.c" succeeded.
Compiler: /Library/Developer/CommandLineTools/usr/bin/cc 
Build flags: 
Id flags: -c 

The output was:
0


Compilation of the C compiler identification source "CMakeCCompilerId.c" produced "CMakeCCompilerId.o"

The C compiler identification is AppleClang, found in "/Users/lyuda/LIBEFP/libefp_torch_skp_Oct20/cmake-build-debug/CMakeFiles/3.25.2/CompilerIdC/CMakeCCompilerId.o"

Compiling the CXX compiler identification source file "CMakeCXXCompilerId.cpp" succeeded.
Compiler: /Library/Developer/CommandLineTools/usr/bin/c++ 
Build flags: 
Id flags: -c 

The output was:
0


Compilation of the CXX compiler identification source "CMakeCXXCompilerId.cpp" produced "CMakeCXXCompilerId.o"

The CXX compiler identification is AppleClang, found in "/Users/lyuda/LIBEFP/libefp_torch_skp_Oct20/cmake-build-debug/CMakeFiles/3.25.2/CompilerIdCXX/CMakeCXXCompilerId.o"

Detecting C compiler ABI info compiled with the following output:
Change Dir: /Users/lyuda/LIBEFP/libefp_torch_skp_Oct20/cmake-build-debug/CMakeFiles/CMakeScratch/TryCompile-Ct7Gd9

Run Build Command(s):/Applications/CLion.app/Contents/bin/ninja/mac/ninja cmTC_b15a8 && [1/2] Building C object CMakeFiles/cmTC_b15a8.dir/CMakeCCompilerABI.c.o
Apple clang version 14.0.3 (clang-1403.0.22.14.1)
Target: arm64-apple-darwin22.3.0
Thread model: posix
InstalledDir: /Library/Developer/CommandLineTools/usr/bin
clang: warning: -Wl,-v: 'linker' input unused [-Wunused-command-line-argument]
 "/Library/Developer/CommandLineTools/usr/bin/clang" -cc1 -triple arm64-apple-macosx13.2.0 -Wundef-prefix=TARGET_OS_ -Wdeprecated-objc-isa-usage -Werror=deprecated-objc-isa-usage -Werror=implicit-function-declaration -emit-obj -mrelax-all --mrelax-relocations -disable-free -clear-ast-before-backend -disable-llvm-verifier -discard-value-names -main-file-name CMakeCCompilerABI.c -mrelocation-model pic -pic-level 2 -mframe-pointer=non-leaf -fno-strict-return -ffp-contract=on -fno-rounding-math -funwind-tables=1 -fobjc-msgsend-selector-stubs -target-sdk-version=13.3 -fvisibility-inlines-hidden-static-local-var -target-cpu apple-m1 -target-feature +v8.5a -target-feature +crc -target-feature +lse -target-feature +rdm -target-feature +crypto -target-feature +dotprod -target-feature +fp-armv8 -target-feature +neon -target-feature +fp16fml -target-feature +ras -target-feature +rcpc -target-feature +zcm -target-feature +zcz -target-feature +fullfp16 -target-feature +sm4 -target-feature +sha3 -target-feature +sha2 -target-feature +aes -target-abi darwinpcs -fallow-half-arguments-and-returns -mllvm -treat-scalable-fixed-error-as-warning -debugger-tuning=lldb -target-linker-version 857.1 -v -fcoverage-compilation-dir=/Users/lyuda/LIBEFP/libefp_torch_skp_Oct20/cmake-build-debug/CMakeFiles/CMakeScratch/TryCompile-Ct7Gd9 -resource-dir /Library/Developer/CommandLineTools/usr/lib/clang/14.0.3 -dependency-file CMakeFiles/cmTC_b15a8.dir/CMakeCCompilerABI.c.o.d -skip-unused-modulemap-deps -MT CMakeFiles/cmTC_b15a8.dir/CMakeCCompilerABI.c.o -sys-header-deps -isysroot /Library/Developer/CommandLineTools/SDKs/MacOSX13.3.sdk -internal-isystem /Library/Developer/CommandLineTools/SDKs/MacOSX13.3.sdk/usr/local/include -internal-isystem /Library/Developer/CommandLineTools/usr/lib/clang/14.0.3/include -internal-externc-isystem /Library/Developer/CommandLineTools/SDKs/MacOSX13.3.sdk/usr/include -internal-externc-isystem /Library/Developer/CommandLineTools/usr/include -Wno-reorder-init-list -Wno-implicit-int-float-conversion -Wno-c99-designator -Wno-final-dtor-non-final-class -Wno-extra-semi-stmt -Wno-misleading-indentation -Wno-quoted-include-in-framework-header -Wno-implicit-fallthrough -Wno-enum-enum-conversion -Wno-enum-float-conversion -Wno-elaborated-enum-base -Wno-reserved-identifier -Wno-gnu-folding-constant -fdebug-compilation-dir=/Users/lyuda/LIBEFP/libefp_torch_skp_Oct20/cmake-build-debug/CMakeFiles/CMakeScratch/TryCompile-Ct7Gd9 -ferror-limit 19 -stack-protector 1 -fstack-check -mdarwin-stkchk-strong-link -fblocks -fencode-extended-block-signature -fregister-global-dtors-with-atexit -fgnuc-version=4.2.1 -no-opaque-pointers -fmax-type-align=16 -fcommon -fcolor-diagnostics -clang-vendor-feature=+disableNonDependentMemberExprInCurrentInstantiation -fno-odr-hash-protocols -clang-vendor-feature=+enableAggressiveVLAFolding -clang-vendor-feature=+revert09abecef7bbf -clang-vendor-feature=+thisNoAlignAttr -clang-vendor-feature=+thisNoNullAttr -mllvm -disable-aligned-alloc-awareness=1 -D__GCC_HAVE_DWARF2_CFI_ASM=1 -o CMakeFiles/cmTC_b15a8.dir/CMakeCCompilerABI.c.o -x c /Applications/CLion.app/Contents/bin/cmake/mac/share/cmake-3.25/Modules/CMakeCCompilerABI.c
clang -cc1 version 14.0.3 (clang-1403.0.22.14.1) default target arm64-apple-darwin22.3.0
ignoring nonexistent directory "/Library/Developer/CommandLineTools/SDKs/MacOSX13.3.sdk/usr/local/include"
ignoring nonexistent directory "/Library/Developer/CommandLineTools/SDKs/MacOSX13.3.sdk/Library/Frameworks"
#include "..." search starts here:
#include <...> search starts here:
 /Library/Developer/CommandLineTools/usr/lib/clang/14.0.3/include
 /Library/Developer/CommandLineTools/SDKs/MacOSX13.3.sdk/usr/include
 /Library/Developer/CommandLineTools/usr/include
 /Library/Developer/CommandLineTools/SDKs/MacOSX13.3.sdk/System/Library/Frameworks (framework directory)
End of search list.
[2/2] Linking C executable cmTC_b15a8
Apple clang version 14.0.3 (clang-1403.0.22.14.1)
Target: arm64-apple-darwin22.3.0
Thread model: posix
InstalledDir: /Library/Developer/CommandLineTools/usr/bin
 "/Library/Developer/CommandLineTools/usr/bin/ld" -demangle -lto_library /Library/Developer/CommandLineTools/usr/lib/libLTO.dylib -dynamic -arch arm64 -platform_version macos 13.2.0 13.3 -syslibroot /Library/Developer/CommandLineTools/SDKs/MacOSX13.3.sdk -o cmTC_b15a8 -search_paths_first -headerpad_max_install_names -v CMakeFiles/cmTC_b15a8.dir/CMakeCCompilerABI.c.o -lSystem /Library/Developer/CommandLineTools/usr/lib/clang/14.0.3/lib/darwin/libclang_rt.osx.a
@(#)PROGRAM:ld  PROJECT:ld64-857.1
BUILD 16:59:58 Feb 24 2023
configured to support archs: armv6 armv7 armv7s arm64 arm64e arm64_32 i386 x86_64 x86_64h armv6m armv7k armv7m armv7em
Library search paths:
	/Library/Developer/CommandLineTools/SDKs/MacOSX13.3.sdk/usr/lib
Framework search paths:
	/Library/Developer/CommandLineTools/SDKs/MacOSX13.3.sdk/System/Library/Frameworks/



Parsed C implicit include dir info from above output: rv=done
  found start of include info
  found start of implicit include info
    add: [/Library/Developer/CommandLineTools/usr/lib/clang/14.0.3/include]
    add: [/Library/Developer/CommandLineTools/SDKs/MacOSX13.3.sdk/usr/include]
    add: [/Library/Developer/CommandLineTools/usr/include]
  end of search list found
  collapse include dir [/Library/Developer/CommandLineTools/usr/lib/clang/14.0.3/include] ==> [/Library/Developer/CommandLineTools/usr/lib/clang/14.0.3/include]
  collapse include dir [/Library/Developer/CommandLineTools/SDKs/MacOSX13.3.sdk/usr/include] ==> [/Library/Developer/CommandLineTools/SDKs/MacOSX13.3.sdk/usr/include]
  collapse include dir [/Library/Developer/CommandLineTools/usr/include] ==> [/Library/Developer/CommandLineTools/usr/include]
  implicit include dirs: [/Library/Developer/CommandLineTools/usr/lib/clang/14.0.3/include;/Library/Developer/CommandLineTools/SDKs/MacOSX13.3.sdk/usr/include;/Library/Developer/CommandLineTools/usr/include]


Parsed C implicit link information from above output:
  link line regex: [^( *|.*[/\])(ld|CMAKE_LINK_STARTFILE-NOTFOUND|([^/\]+-)?ld|collect2)[^/\]*( |$)]
  ignore line: [Change Dir: /Users/lyuda/LIBEFP/libefp_torch_skp_Oct20/cmake-build-debug/CMakeFiles/CMakeScratch/TryCompile-Ct7Gd9]
  ignore line: []
  ignore line: [Run Build Command(s):/Applications/CLion.app/Contents/bin/ninja/mac/ninja cmTC_b15a8 && [1/2] Building C object CMakeFiles/cmTC_b15a8.dir/CMakeCCompilerABI.c.o]
  ignore line: [Apple clang version 14.0.3 (clang-1403.0.22.14.1)]
  ignore line: [Target: arm64-apple-darwin22.3.0]
  ignore line: [Thread model: posix]
  ignore line: [InstalledDir: /Library/Developer/CommandLineTools/usr/bin]
  ignore line: [clang: warning: -Wl -v: 'linker' input unused [-Wunused-command-line-argument]]
  ignore line: [ "/Library/Developer/CommandLineTools/usr/bin/clang" -cc1 -triple arm64-apple-macosx13.2.0 -Wundef-prefix=TARGET_OS_ -Wdeprecated-objc-isa-usage -Werror=deprecated-objc-isa-usage -Werror=implicit-function-declaration -emit-obj -mrelax-all --mrelax-relocations -disable-free -clear-ast-before-backend -disable-llvm-verifier -discard-value-names -main-file-name CMakeCCompilerABI.c -mrelocation-model pic -pic-level 2 -mframe-pointer=non-leaf -fno-strict-return -ffp-contract=on -fno-rounding-math -funwind-tables=1 -fobjc-msgsend-selector-stubs -target-sdk-version=13.3 -fvisibility-inlines-hidden-static-local-var -target-cpu apple-m1 -target-feature +v8.5a -target-feature +crc -target-feature +lse -target-feature +rdm -target-feature +crypto -target-feature +dotprod -target-feature +fp-armv8 -target-feature +neon -target-feature +fp16fml -target-feature +ras -target-feature +rcpc -target-feature +zcm -target-feature +zcz -target-feature +fullfp16 -target-feature +sm4 -target-feature +sha3 -target-feature +sha2 -target-feature +aes -target-abi darwinpcs -fallow-half-arguments-and-returns -mllvm -treat-scalable-fixed-error-as-warning -debugger-tuning=lldb -target-linker-version 857.1 -v -fcoverage-compilation-dir=/Users/lyuda/LIBEFP/libefp_torch_skp_Oct20/cmake-build-debug/CMakeFiles/CMakeScratch/TryCompile-Ct7Gd9 -resource-dir /Library/Developer/CommandLineTools/usr/lib/clang/14.0.3 -dependency-file CMakeFiles/cmTC_b15a8.dir/CMakeCCompilerABI.c.o.d -skip-unused-modulemap-deps -MT CMakeFiles/cmTC_b15a8.dir/CMakeCCompilerABI.c.o -sys-header-deps -isysroot /Library/Developer/CommandLineTools/SDKs/MacOSX13.3.sdk -internal-isystem /Library/Developer/CommandLineTools/SDKs/MacOSX13.3.sdk/usr/local/include -internal-isystem /Library/Developer/CommandLineTools/usr/lib/clang/14.0.3/include -internal-externc-isystem /Library/Developer/CommandLineTools/SDKs/MacOSX13.3.sdk/usr/include -internal-externc-isystem /Library/Developer/CommandLineTools/usr/include -Wno-reorder-init-list -Wno-implicit-int-float-conversion -Wno-c99-designator -Wno-final-dtor-non-final-class -Wno-extra-semi-stmt -Wno-misleading-indentation -Wno-quoted-include-in-framework-header -Wno-implicit-fallthrough -Wno-enum-enum-conversion -Wno-enum-float-conversion -Wno-elaborated-enum-base -Wno-reserved-identifier -Wno-gnu-folding-constant -fdebug-compilation-dir=/Users/lyuda/LIBEFP/libefp_torch_skp_Oct20/cmake-build-debug/CMakeFiles/CMakeScratch/TryCompile-Ct7Gd9 -ferror-limit 19 -stack-protector 1 -fstack-check -mdarwin-stkchk-strong-link -fblocks -fencode-extended-block-signature -fregister-global-dtors-with-atexit -fgnuc-version=4.2.1 -no-opaque-pointers -fmax-type-align=16 -fcommon -fcolor-diagnostics -clang-vendor-feature=+disableNonDependentMemberExprInCurrentInstantiation -fno-odr-hash-protocols -clang-vendor-feature=+enableAggressiveVLAFolding -clang-vendor-feature=+revert09abecef7bbf -clang-vendor-feature=+thisNoAlignAttr -clang-vendor-feature=+thisNoNullAttr -mllvm -disable-aligned-alloc-awareness=1 -D__GCC_HAVE_DWARF2_CFI_ASM=1 -o CMakeFiles/cmTC_b15a8.dir/CMakeCCompilerABI.c.o -x c /Applications/CLion.app/Contents/bin/cmake/mac/share/cmake-3.25/Modules/CMakeCCompilerABI.c]
  ignore line: [clang -cc1 version 14.0.3 (clang-1403.0.22.14.1) default target arm64-apple-darwin22.3.0]
  ignore line: [ignoring nonexistent directory "/Library/Developer/CommandLineTools/SDKs/MacOSX13.3.sdk/usr/local/include"]
  ignore line: [ignoring nonexistent directory "/Library/Developer/CommandLineTools/SDKs/MacOSX13.3.sdk/Library/Frameworks"]
  ignore line: [#include "..." search starts here:]
  ignore line: [#include <...> search starts here:]
  ignore line: [ /Library/Developer/CommandLineTools/usr/lib/clang/14.0.3/include]
  ignore line: [ /Library/Developer/CommandLineTools/SDKs/MacOSX13.3.sdk/usr/include]
  ignore line: [ /Library/Developer/CommandLineTools/usr/include]
  ignore line: [ /Library/Developer/CommandLineTools/SDKs/MacOSX13.3.sdk/System/Library/Frameworks (framework directory)]
  ignore line: [End of search list.]
  ignore line: [[2/2] Linking C executable cmTC_b15a8]
  ignore line: [Apple clang version 14.0.3 (clang-1403.0.22.14.1)]
  ignore line: [Target: arm64-apple-darwin22.3.0]
  ignore line: [Thread model: posix]
  ignore line: [InstalledDir: /Library/Developer/CommandLineTools/usr/bin]
  link line: [ "/Library/Developer/CommandLineTools/usr/bin/ld" -demangle -lto_library /Library/Developer/CommandLineTools/usr/lib/libLTO.dylib -dynamic -arch arm64 -platform_version macos 13.2.0 13.3 -syslibroot /Library/Developer/CommandLineTools/SDKs/MacOSX13.3.sdk -o cmTC_b15a8 -search_paths_first -headerpad_max_install_names -v CMakeFiles/cmTC_b15a8.dir/CMakeCCompilerABI.c.o -lSystem /Library/Developer/CommandLineTools/usr/lib/clang/14.0.3/lib/darwin/libclang_rt.osx.a]
    arg [/Library/Developer/CommandLineTools/usr/bin/ld] ==> ignore
    arg [-demangle] ==> ignore
    arg [-lto_library] ==> ignore, skip following value
    arg [/Library/Developer/CommandLineTools/usr/lib/libLTO.dylib] ==> skip value of -lto_library
    arg [-dynamic] ==> ignore
    arg [-arch] ==> ignore
    arg [arm64] ==> ignore
    arg [-platform_version] ==> ignore
    arg [macos] ==> ignore
    arg [13.2.0] ==> ignore
    arg [13.3] ==> ignore
    arg [-syslibroot] ==> ignore
    arg [/Library/Developer/CommandLineTools/SDKs/MacOSX13.3.sdk] ==> ignore
    arg [-o] ==> ignore
    arg [cmTC_b15a8] ==> ignore
    arg [-search_paths_first] ==> ignore
    arg [-headerpad_max_install_names] ==> ignore
    arg [-v] ==> ignore
    arg [CMakeFiles/cmTC_b15a8.dir/CMakeCCompilerABI.c.o] ==> ignore
    arg [-lSystem] ==> lib [System]
    arg [/Library/Developer/CommandLineTools/usr/lib/clang/14.0.3/lib/darwin/libclang_rt.osx.a] ==> lib [/Library/Developer/CommandLineTools/usr/lib/clang/14.0.3/lib/darwin/libclang_rt.osx.a]
  Library search paths: [;/Library/Developer/CommandLineTools/SDKs/MacOSX13.3.sdk/usr/lib]
  Framework search paths: [;/Library/Developer/CommandLineTools/SDKs/MacOSX13.3.sdk/System/Library/Frameworks/]
  remove lib [System]
  remove lib [/Library/Developer/CommandLineTools/usr/lib/clang/14.0.3/lib/darwin/libclang_rt.osx.a]
  collapse library dir [/Library/Developer/CommandLineTools/SDKs/MacOSX13.3.sdk/usr/lib] ==> [/Library/Developer/CommandLineTools/SDKs/MacOSX13.3.sdk/usr/lib]
  collapse framework dir [/Library/Developer/CommandLineTools/SDKs/MacOSX13.3.sdk/System/Library/Frameworks/] ==> [/Library/Developer/CommandLineTools/SDKs/MacOSX13.3.sdk/System/Library/Frameworks]
  implicit libs: []
  implicit objs: []
  implicit dirs: [/Library/Developer/CommandLineTools/SDKs/MacOSX13.3.sdk/usr/lib]
  implicit fwks: [/Library/Developer/CommandLineTools/SDKs/MacOSX13.3.sdk/System/Library/Frameworks]


Detecting CXX compiler ABI info compiled with the following output:
Change Dir: /Users/lyuda/LIBEFP/libefp_torch_skp_Oct20/cmake-build-debug/CMakeFiles/CMakeScratch/TryCompile-ga7ZA0

Run Build Command(s):/Applications/CLion.app/Contents/bin/ninja/mac/ninja cmTC_812b5 && [1/2] Building CXX object CMakeFiles/cmTC_812b5.dir/CMakeCXXCompilerABI.cpp.o
Apple clang version 14.0.3 (clang-1403.0.22.14.1)
Target: arm64-apple-darwin22.3.0
Thread model: posix
InstalledDir: /Library/Developer/CommandLineTools/usr/bin
clang: warning: -Wl,-v: 'linker' input unused [-Wunused-command-line-argument]
 "/Library/Developer/CommandLineTools/usr/bin/clang" -cc1 -triple arm64-apple-macosx13.2.0 -Wundef-prefix=TARGET_OS_ -Wdeprecated-objc-isa-usage -Werror=deprecated-objc-isa-usage -Werror=implicit-function-declaration -emit-obj -mrelax-all --mrelax-relocations -disable-free -clear-ast-before-backend -disable-llvm-verifier -discard-value-names -main-file-name CMakeCXXCompilerABI.cpp -mrelocation-model pic -pic-level 2 -mframe-pointer=non-leaf -fno-strict-return -ffp-contract=on -fno-rounding-math -funwind-tables=1 -fobjc-msgsend-selector-stubs -target-sdk-version=13.3 -fvisibility-inlines-hidden-static-local-var -target-cpu apple-m1 -target-feature +v8.5a -target-feature +crc -target-feature +lse -target-feature +rdm -target-feature +crypto -target-feature +dotprod -target-feature +fp-armv8 -target-feature +neon -target-feature +fp16fml -target-feature +ras -target-feature +rcpc -target-feature +zcm -target-feature +zcz -target-feature +fullfp16 -target-feature +sm4 -target-feature +sha3 -target-feature +sha2 -target-feature +aes -target-abi darwinpcs -fallow-half-arguments-and-returns -mllvm -treat-scalable-fixed-error-as-warning -debugger-tuning=lldb -target-linker-version 857.1 -v -fcoverage-compilation-dir=/Users/lyuda/LIBEFP/libefp_torch_skp_Oct20/cmake-build-debug/CMakeFiles/CMakeScratch/TryCompile-ga7ZA0 -resource-dir /Library/Developer/CommandLineTools/usr/lib/clang/14.0.3 -dependency-file CMakeFiles/cmTC_812b5.dir/CMakeCXXCompilerABI.cpp.o.d -skip-unused-modulemap-deps -MT CMakeFiles/cmTC_812b5.dir/CMakeCXXCompilerABI.cpp.o -sys-header-deps -isysroot /Library/Developer/CommandLineTools/SDKs/MacOSX13.3.sdk -stdlib=libc++ -internal-isystem /Library/Developer/CommandLineTools/SDKs/MacOSX13.3.sdk/usr/include/c++/v1 -internal-isystem /Library/Developer/CommandLineTools/SDKs/MacOSX13.3.sdk/usr/local/include -internal-isystem /Library/Developer/CommandLineTools/usr/lib/clang/14.0.3/include -internal-externc-isystem /Library/Developer/CommandLineTools/SDKs/MacOSX13.3.sdk/usr/include -internal-externc-isystem /Library/Developer/CommandLineTools/usr/include -Wno-reorder-init-list -Wno-implicit-int-float-conversion -Wno-c99-designator -Wno-final-dtor-non-final-class -Wno-extra-semi-stmt -Wno-misleading-indentation -Wno-quoted-include-in-framework-header -Wno-implicit-fallthrough -Wno-enum-enum-conversion -Wno-enum-float-conversion -Wno-elaborated-enum-base -Wno-reserved-identifier -Wno-gnu-folding-constant -fdeprecated-macro -fdebug-compilation-dir=/Users/lyuda/LIBEFP/libefp_torch_skp_Oct20/cmake-build-debug/CMakeFiles/CMakeScratch/TryCompile-ga7ZA0 -ferror-limit 19 -stack-protector 1 -fstack-check -mdarwin-stkchk-strong-link -fblocks -fencode-extended-block-signature -fregister-global-dtors-with-atexit -fgnuc-version=4.2.1 -fno-cxx-modules -no-opaque-pointers -fcxx-exceptions -fexceptions -fmax-type-align=16 -fcommon -fcolor-diagnostics -clang-vendor-feature=+disableNonDependentMemberExprInCurrentInstantiation -fno-odr-hash-protocols -clang-vendor-feature=+enableAggressiveVLAFolding -clang-vendor-feature=+revert09abecef7bbf -clang-vendor-feature=+thisNoAlignAttr -clang-vendor-feature=+thisNoNullAttr -mllvm -disable-aligned-alloc-awareness=1 -D__GCC_HAVE_DWARF2_CFI_ASM=1 -o CMakeFiles/cmTC_812b5.dir/CMakeCXXCompilerABI.cpp.o -x c++ /Applications/CLion.app/Contents/bin/cmake/mac/share/cmake-3.25/Modules/CMakeCXXCompilerABI.cpp
clang -cc1 version 14.0.3 (clang-1403.0.22.14.1) default target arm64-apple-darwin22.3.0
ignoring nonexistent directory "/Library/Developer/CommandLineTools/SDKs/MacOSX13.3.sdk/usr/local/include"
ignoring nonexistent directory "/Library/Developer/CommandLineTools/SDKs/MacOSX13.3.sdk/Library/Frameworks"
#include "..." search starts here:
#include <...> search starts here:
 /Library/Developer/CommandLineTools/SDKs/MacOSX13.3.sdk/usr/include/c++/v1
 /Library/Developer/CommandLineTools/usr/lib/clang/14.0.3/include
 /Library/Developer/CommandLineTools/SDKs/MacOSX13.3.sdk/usr/include
 /Library/Developer/CommandLineTools/usr/include
 /Library/Developer/CommandLineTools/SDKs/MacOSX13.3.sdk/System/Library/Frameworks (framework directory)
End of search list.
[2/2] Linking CXX executable cmTC_812b5
Apple clang version 14.0.3 (clang-1403.0.22.14.1)
Target: arm64-apple-darwin22.3.0
Thread model: posix
InstalledDir: /Library/Developer/CommandLineTools/usr/bin
 "/Library/Developer/CommandLineTools/usr/bin/ld" -demangle -lto_library /Library/Developer/CommandLineTools/usr/lib/libLTO.dylib -dynamic -arch arm64 -platform_version macos 13.2.0 13.3 -syslibroot /Library/Developer/CommandLineTools/SDKs/MacOSX13.3.sdk -o cmTC_812b5 -search_paths_first -headerpad_max_install_names -v CMakeFiles/cmTC_812b5.dir/CMakeCXXCompilerABI.cpp.o -lc++ -lSystem /Library/Developer/CommandLineTools/usr/lib/clang/14.0.3/lib/darwin/libclang_rt.osx.a
@(#)PROGRAM:ld  PROJECT:ld64-857.1
BUILD 16:59:58 Feb 24 2023
configured to support archs: armv6 armv7 armv7s arm64 arm64e arm64_32 i386 x86_64 x86_64h armv6m armv7k armv7m armv7em
Library search paths:
	/Library/Developer/CommandLineTools/SDKs/MacOSX13.3.sdk/usr/lib
Framework search paths:
	/Library/Developer/CommandLineTools/SDKs/MacOSX13.3.sdk/System/Library/Frameworks/



Parsed CXX implicit include dir info from above output: rv=done
  found start of include info
  found start of implicit include info
    add: [/Library/Developer/CommandLineTools/SDKs/MacOSX13.3.sdk/usr/include/c++/v1]
    add: [/Library/Developer/CommandLineTools/usr/lib/clang/14.0.3/include]
    add: [/Library/Developer/CommandLineTools/SDKs/MacOSX13.3.sdk/usr/include]
    add: [/Library/Developer/CommandLineTools/usr/include]
  end of search list found
  collapse include dir [/Library/Developer/CommandLineTools/SDKs/MacOSX13.3.sdk/usr/include/c++/v1] ==> [/Library/Developer/CommandLineTools/SDKs/MacOSX13.3.sdk/usr/include/c++/v1]
  collapse include dir [/Library/Developer/CommandLineTools/usr/lib/clang/14.0.3/include] ==> [/Library/Developer/CommandLineTools/usr/lib/clang/14.0.3/include]
  collapse include dir [/Library/Developer/CommandLineTools/SDKs/MacOSX13.3.sdk/usr/include] ==> [/Library/Developer/CommandLineTools/SDKs/MacOSX13.3.sdk/usr/include]
  collapse include dir [/Library/Developer/CommandLineTools/usr/include] ==> [/Library/Developer/CommandLineTools/usr/include]
  implicit include dirs: [/Library/Developer/CommandLineTools/SDKs/MacOSX13.3.sdk/usr/include/c++/v1;/Library/Developer/CommandLineTools/usr/lib/clang/14.0.3/include;/Library/Developer/CommandLineTools/SDKs/MacOSX13.3.sdk/usr/include;/Library/Developer/CommandLineTools/usr/include]


Parsed CXX implicit link information from above output:
  link line regex: [^( *|.*[/\])(ld|CMAKE_LINK_STARTFILE-NOTFOUND|([^/\]+-)?ld|collect2)[^/\]*( |$)]
  ignore line: [Change Dir: /Users/lyuda/LIBEFP/libefp_torch_skp_Oct20/cmake-build-debug/CMakeFiles/CMakeScratch/TryCompile-ga7ZA0]
  ignore line: []
  ignore line: [Run Build Command(s):/Applications/CLion.app/Contents/bin/ninja/mac/ninja cmTC_812b5 && [1/2] Building CXX object CMakeFiles/cmTC_812b5.dir/CMakeCXXCompilerABI.cpp.o]
  ignore line: [Apple clang version 14.0.3 (clang-1403.0.22.14.1)]
  ignore line: [Target: arm64-apple-darwin22.3.0]
  ignore line: [Thread model: posix]
  ignore line: [InstalledDir: /Library/Developer/CommandLineTools/usr/bin]
  ignore line: [clang: warning: -Wl -v: 'linker' input unused [-Wunused-command-line-argument]]
  ignore line: [ "/Library/Developer/CommandLineTools/usr/bin/clang" -cc1 -triple arm64-apple-macosx13.2.0 -Wundef-prefix=TARGET_OS_ -Wdeprecated-objc-isa-usage -Werror=deprecated-objc-isa-usage -Werror=implicit-function-declaration -emit-obj -mrelax-all --mrelax-relocations -disable-free -clear-ast-before-backend -disable-llvm-verifier -discard-value-names -main-file-name CMakeCXXCompilerABI.cpp -mrelocation-model pic -pic-level 2 -mframe-pointer=non-leaf -fno-strict-return -ffp-contract=on -fno-rounding-math -funwind-tables=1 -fobjc-msgsend-selector-stubs -target-sdk-version=13.3 -fvisibility-inlines-hidden-static-local-var -target-cpu apple-m1 -target-feature +v8.5a -target-feature +crc -target-feature +lse -target-feature +rdm -target-feature +crypto -target-feature +dotprod -target-feature +fp-armv8 -target-feature +neon -target-feature +fp16fml -target-feature +ras -target-feature +rcpc -target-feature +zcm -target-feature +zcz -target-feature +fullfp16 -target-feature +sm4 -target-feature +sha3 -target-feature +sha2 -target-feature +aes -target-abi darwinpcs -fallow-half-arguments-and-returns -mllvm -treat-scalable-fixed-error-as-warning -debugger-tuning=lldb -target-linker-version 857.1 -v -fcoverage-compilation-dir=/Users/lyuda/LIBEFP/libefp_torch_skp_Oct20/cmake-build-debug/CMakeFiles/CMakeScratch/TryCompile-ga7ZA0 -resource-dir /Library/Developer/CommandLineTools/usr/lib/clang/14.0.3 -dependency-file CMakeFiles/cmTC_812b5.dir/CMakeCXXCompilerABI.cpp.o.d -skip-unused-modulemap-deps -MT CMakeFiles/cmTC_812b5.dir/CMakeCXXCompilerABI.cpp.o -sys-header-deps -isysroot /Library/Developer/CommandLineTools/SDKs/MacOSX13.3.sdk -stdlib=libc++ -internal-isystem /Library/Developer/CommandLineTools/SDKs/MacOSX13.3.sdk/usr/include/c++/v1 -internal-isystem /Library/Developer/CommandLineTools/SDKs/MacOSX13.3.sdk/usr/local/include -internal-isystem /Library/Developer/CommandLineTools/usr/lib/clang/14.0.3/include -internal-externc-isystem /Library/Developer/CommandLineTools/SDKs/MacOSX13.3.sdk/usr/include -internal-externc-isystem /Library/Developer/CommandLineTools/usr/include -Wno-reorder-init-list -Wno-implicit-int-float-conversion -Wno-c99-designator -Wno-final-dtor-non-final-class -Wno-extra-semi-stmt -Wno-misleading-indentation -Wno-quoted-include-in-framework-header -Wno-implicit-fallthrough -Wno-enum-enum-conversion -Wno-enum-float-conversion -Wno-elaborated-enum-base -Wno-reserved-identifier -Wno-gnu-folding-constant -fdeprecated-macro -fdebug-compilation-dir=/Users/lyuda/LIBEFP/libefp_torch_skp_Oct20/cmake-build-debug/CMakeFiles/CMakeScratch/TryCompile-ga7ZA0 -ferror-limit 19 -stack-protector 1 -fstack-check -mdarwin-stkchk-strong-link -fblocks -fencode-extended-block-signature -fregister-global-dtors-with-atexit -fgnuc-version=4.2.1 -fno-cxx-modules -no-opaque-pointers -fcxx-exceptions -fexceptions -fmax-type-align=16 -fcommon -fcolor-diagnostics -clang-vendor-feature=+disableNonDependentMemberExprInCurrentInstantiation -fno-odr-hash-protocols -clang-vendor-feature=+enableAggressiveVLAFolding -clang-vendor-feature=+revert09abecef7bbf -clang-vendor-feature=+thisNoAlignAttr -clang-vendor-feature=+thisNoNullAttr -mllvm -disable-aligned-alloc-awareness=1 -D__GCC_HAVE_DWARF2_CFI_ASM=1 -o CMakeFiles/cmTC_812b5.dir/CMakeCXXCompilerABI.cpp.o -x c++ /Applications/CLion.app/Contents/bin/cmake/mac/share/cmake-3.25/Modules/CMakeCXXCompilerABI.cpp]
  ignore line: [clang -cc1 version 14.0.3 (clang-1403.0.22.14.1) default target arm64-apple-darwin22.3.0]
  ignore line: [ignoring nonexistent directory "/Library/Developer/CommandLineTools/SDKs/MacOSX13.3.sdk/usr/local/include"]
  ignore line: [ignoring nonexistent directory "/Library/Developer/CommandLineTools/SDKs/MacOSX13.3.sdk/Library/Frameworks"]
  ignore line: [#include "..." search starts here:]
  ignore line: [#include <...> search starts here:]
  ignore line: [ /Library/Developer/CommandLineTools/SDKs/MacOSX13.3.sdk/usr/include/c++/v1]
  ignore line: [ /Library/Developer/CommandLineTools/usr/lib/clang/14.0.3/include]
  ignore line: [ /Library/Developer/CommandLineTools/SDKs/MacOSX13.3.sdk/usr/include]
  ignore line: [ /Library/Developer/CommandLineTools/usr/include]
  ignore line: [ /Library/Developer/CommandLineTools/SDKs/MacOSX13.3.sdk/System/Library/Frameworks (framework directory)]
  ignore line: [End of search list.]
  ignore line: [[2/2] Linking CXX executable cmTC_812b5]
  ignore line: [Apple clang version 14.0.3 (clang-1403.0.22.14.1)]
  ignore line: [Target: arm64-apple-darwin22.3.0]
  ignore line: [Thread model: posix]
  ignore line: [InstalledDir: /Library/Developer/CommandLineTools/usr/bin]
  link line: [ "/Library/Developer/CommandLineTools/usr/bin/ld" -demangle -lto_library /Library/Developer/CommandLineTools/usr/lib/libLTO.dylib -dynamic -arch arm64 -platform_version macos 13.2.0 13.3 -syslibroot /Library/Developer/CommandLineTools/SDKs/MacOSX13.3.sdk -o cmTC_812b5 -search_paths_first -headerpad_max_install_names -v CMakeFiles/cmTC_812b5.dir/CMakeCXXCompilerABI.cpp.o -lc++ -lSystem /Library/Developer/CommandLineTools/usr/lib/clang/14.0.3/lib/darwin/libclang_rt.osx.a]
    arg [/Library/Developer/CommandLineTools/usr/bin/ld] ==> ignore
    arg [-demangle] ==> ignore
    arg [-lto_library] ==> ignore, skip following value
    arg [/Library/Developer/CommandLineTools/usr/lib/libLTO.dylib] ==> skip value of -lto_library
    arg [-dynamic] ==> ignore
    arg [-arch] ==> ignore
    arg [arm64] ==> ignore
    arg [-platform_version] ==> ignore
    arg [macos] ==> ignore
    arg [13.2.0] ==> ignore
    arg [13.3] ==> ignore
    arg [-syslibroot] ==> ignore
    arg [/Library/Developer/CommandLineTools/SDKs/MacOSX13.3.sdk] ==> ignore
    arg [-o] ==> ignore
    arg [cmTC_812b5] ==> ignore
    arg [-search_paths_first] ==> ignore
    arg [-headerpad_max_install_names] ==> ignore
    arg [-v] ==> ignore
    arg [CMakeFiles/cmTC_812b5.dir/CMakeCXXCompilerABI.cpp.o] ==> ignore
    arg [-lc++] ==> lib [c++]
    arg [-lSystem] ==> lib [System]
    arg [/Library/Developer/CommandLineTools/usr/lib/clang/14.0.3/lib/darwin/libclang_rt.osx.a] ==> lib [/Library/Developer/CommandLineTools/usr/lib/clang/14.0.3/lib/darwin/libclang_rt.osx.a]
  Library search paths: [;/Library/Developer/CommandLineTools/SDKs/MacOSX13.3.sdk/usr/lib]
  Framework search paths: [;/Library/Developer/CommandLineTools/SDKs/MacOSX13.3.sdk/System/Library/Frameworks/]
  remove lib [System]
  remove lib [/Library/Developer/CommandLineTools/usr/lib/clang/14.0.3/lib/darwin/libclang_rt.osx.a]
  collapse library dir [/Library/Developer/CommandLineTools/SDKs/MacOSX13.3.sdk/usr/lib] ==> [/Library/Developer/CommandLineTools/SDKs/MacOSX13.3.sdk/usr/lib]
  collapse framework dir [/Library/Developer/CommandLineTools/SDKs/MacOSX13.3.sdk/System/Library/Frameworks/] ==> [/Library/Developer/CommandLineTools/SDKs/MacOSX13.3.sdk/System/Library/Frameworks]
  implicit libs: [c++]
  implicit objs: []
  implicit dirs: [/Library/Developer/CommandLineTools/SDKs/MacOSX13.3.sdk/usr/lib]
  implicit fwks: [/Library/Developer/CommandLineTools/SDKs/MacOSX13.3.sdk/System/Library/Frameworks]


Performing C SOURCE FILE Test test_option succeeded with the following output:
Change Dir: /Users/lyuda/LIBEFP/libefp_torch_skp_Oct20/cmake-build-debug/CMakeFiles/CMakeScratch/TryCompile-9Bxg6v

Run Build Command(s):/Applications/CLion.app/Contents/bin/ninja/mac/ninja cmTC_2f113 && [1/2] Building C object CMakeFiles/cmTC_2f113.dir/src.c.o
[2/2] Linking C executable cmTC_2f113


Source file was:
int main(void) { return 0; }

Performing C++ SOURCE FILE Test test_option succeeded with the following output:
Change Dir: /Users/lyuda/LIBEFP/libefp_torch_skp_Oct20/cmake-build-debug/CMakeFiles/CMakeScratch/TryCompile-vbU8LK

Run Build Command(s):/Applications/CLion.app/Contents/bin/ninja/mac/ninja cmTC_b496c && [1/2] Building CXX object CMakeFiles/cmTC_b496c.dir/src.cxx.o
[2/2] Linking CXX executable cmTC_b496c


Source file was:
int main() { return 0; }

Performing C SOURCE FILE Test CMAKE_HAVE_LIBC_PTHREAD succeeded with the following output:
Change Dir: /Users/lyuda/LIBEFP/libefp_torch_skp_Oct20/cmake-build-debug/CMakeFiles/CMakeScratch/TryCompile-nHIBvr

Run Build Command(s):/Applications/CLion.app/Contents/bin/ninja/mac/ninja cmTC_43fba && [1/2] Building C object CMakeFiles/cmTC_43fba.dir/src.c.o
[2/2] Linking C executable cmTC_43fba


Source file was:
#include <pthread.h>

static void* test_func(void* data)
{
  return data;
}

int main(void)
{
  pthread_t thread;
  pthread_create(&thread, NULL, test_func, NULL);
  pthread_detach(thread);
  pthread_cancel(thread);
  pthread_join(thread, NULL);
  pthread_atfork(NULL, NULL, NULL);
  pthread_exit(NULL);

  return 0;
}


Determining if the function dgemm_ exists passed with the following output:
Change Dir: /Users/lyuda/LIBEFP/libefp_torch_skp_Oct20/cmake-build-debug/CMakeFiles/CMakeScratch/TryCompile-xhRBNs

Run Build Command(s):/Applications/CLion.app/Contents/bin/ninja/mac/ninja cmTC_6e360 && [1/2] Building C object CMakeFiles/cmTC_6e360.dir/CheckFunctionExists.c.o
[2/2] Linking C executable cmTC_6e360



Determining if the function cheev_ exists passed with the following output:
Change Dir: /Users/lyuda/LIBEFP/libefp_torch_skp_Oct20/cmake-build-debug/CMakeFiles/CMakeScratch/TryCompile-pJi5a1

Run Build Command(s):/Applications/CLion.app/Contents/bin/ninja/mac/ninja cmTC_12a52 && [1/2] Building C object CMakeFiles/cmTC_12a52.dir/CheckFunctionExists.c.o
[2/2] Linking C executable cmTC_12a52



Compiling the Fortran compiler identification source file "CMakeFortranCompilerId.F" succeeded.
Compiler: /opt/homebrew/bin/gfortran 
Build flags: 
Id flags: -v 

The output was:
0
Driving: /opt/homebrew/bin/gfortran -v CMakeFortranCompilerId.F -mmacosx-version-min=13.0.0 -asm_macosx_version_min=13.0 -nodefaultexport -l gfortran
Using built-in specs.
COLLECT_GCC=/opt/homebrew/bin/gfortran
COLLECT_LTO_WRAPPER=/opt/homebrew/Cellar/gcc/14.2.0/bin/../libexec/gcc/aarch64-apple-darwin22/14/lto-wrapper
Target: aarch64-apple-darwin22
Configured with: ../configure --prefix=/opt/homebrew/opt/gcc --libdir=/opt/homebrew/opt/gcc/lib/gcc/current --disable-nls --enable-checking=release --with-gcc-major-version-only --enable-languages=c,c++,objc,obj-c++,fortran,m2 --program-suffix=-14 --with-gmp=/opt/homebrew/opt/gmp --with-mpfr=/opt/homebrew/opt/mpfr --with-mpc=/opt/homebrew/opt/libmpc --with-isl=/opt/homebrew/opt/isl --with-zstd=/opt/homebrew/opt/zstd --with-pkgversion='Homebrew GCC 14.2.0' --with-bugurl=https://github.com/Homebrew/homebrew-core/issues --with-system-zlib --build=aarch64-apple-darwin22 --with-sysroot=/Library/Developer/CommandLineTools/SDKs/MacOSX13.sdk
Thread model: posix
Supported LTO compression algorithms: zlib zstd
gcc version 14.2.0 (Homebrew GCC 14.2.0) 
COLLECT_GCC_OPTIONS='-v' '-mmacosx-version-min=13.0.0' '-asm_macosx_version_min=13.0' '-nodefaultexport' '-mcpu=apple-m1' '-mlittle-endian' '-mabi=lp64' '-dumpdir' 'a-'
 /opt/homebrew/Cellar/gcc/14.2.0/bin/../libexec/gcc/aarch64-apple-darwin22/14/f951 CMakeFortranCompilerId.F -ffixed-form -cpp=/var/folders/3g/p2rv83b54v91jhq4446pllmr0000gn/T//ccNVwthM.fi -quiet -v -iprefix /opt/homebrew/Cellar/gcc/14.2.0/bin/../lib/gcc/current/gcc/aarch64-apple-darwin22/14/ -D__DYNAMIC__ CMakeFortranCompilerId.F -fPIC -quiet -dumpdir a- -dumpbase CMakeFortranCompilerId.F -dumpbase-ext .F -mmacosx-version-min=13.0.0 -mcpu=apple-m1 -mlittle-endian -mabi=lp64 -version -fintrinsic-modules-path /opt/homebrew/Cellar/gcc/14.2.0/bin/../lib/gcc/current/gcc/aarch64-apple-darwin22/14/finclude -o /var/folders/3g/p2rv83b54v91jhq4446pllmr0000gn/T//cc53Rw4Y.s
GNU Fortran (Homebrew GCC 14.2.0) version 14.2.0 (aarch64-apple-darwin22)
	compiled by GNU C version 14.2.0, GMP version 6.3.0, MPFR version 4.2.1, MPC version 1.3.1, isl version isl-0.27-GMP

GGC heuristics: --param ggc-min-expand=100 --param ggc-min-heapsize=131072
ignoring nonexistent directory "/opt/homebrew/Cellar/gcc/14.2.0/bin/../lib/gcc/current/gcc/aarch64-apple-darwin22/14/../../../../../../aarch64-apple-darwin22/include"
ignoring duplicate directory "/opt/homebrew/Cellar/gcc/14.2.0/bin/../lib/gcc/current/gcc/../../../../lib/gcc/current/gcc/aarch64-apple-darwin22/14/include"
ignoring nonexistent directory "/Library/Developer/CommandLineTools/SDKs/MacOSX13.sdk/usr/local/include"
ignoring duplicate directory "/opt/homebrew/Cellar/gcc/14.2.0/bin/../lib/gcc/current/gcc/../../../../lib/gcc/current/gcc/aarch64-apple-darwin22/14/include-fixed"
ignoring nonexistent directory "/opt/homebrew/Cellar/gcc/14.2.0/bin/../lib/gcc/current/gcc/../../../../lib/gcc/current/gcc/aarch64-apple-darwin22/14/../../../../../../aarch64-apple-darwin22/include"
#include "..." search starts here:
#include <...> search starts here:
 /opt/homebrew/Cellar/gcc/14.2.0/bin/../lib/gcc/current/gcc/aarch64-apple-darwin22/14/finclude
 /opt/homebrew/Cellar/gcc/14.2.0/bin/../lib/gcc/current/gcc/aarch64-apple-darwin22/14/include
 /opt/homebrew/Cellar/gcc/14.2.0/bin/../lib/gcc/current/gcc/aarch64-apple-darwin22/14/include-fixed
 /Library/Developer/CommandLineTools/SDKs/MacOSX13.sdk/usr/include
End of search list.
COLLECT_GCC_OPTIONS='-v' '-mmacosx-version-min=13.0.0'  '-nodefaultexport' '-mcpu=apple-m1' '-mlittle-endian' '-mabi=lp64' '-dumpdir' 'a-'
 as -arch arm64 -v -mmacosx-version-min=13.0 -o /var/folders/3g/p2rv83b54v91jhq4446pllmr0000gn/T//cct28SRP.o /var/folders/3g/p2rv83b54v91jhq4446pllmr0000gn/T//cc53Rw4Y.s
Apple clang version 14.0.3 (clang-1403.0.22.14.1)
Target: arm64-apple-darwin22.3.0
Thread model: posix
InstalledDir: /Library/Developer/CommandLineTools/usr/bin
 "/Library/Developer/CommandLineTools/usr/bin/clang" -cc1as -triple arm64-apple-macosx13.0.0 -filetype obj -main-file-name cc53Rw4Y.s -target-cpu apple-m1 -target-feature +v8.5a -target-feature +crc -target-feature +lse -target-feature +rdm -target-feature +crypto -target-feature +dotprod -target-feature +fp-armv8 -target-feature +neon -target-feature +fp16fml -target-feature +ras -target-feature +rcpc -target-feature +zcm -target-feature +zcz -target-feature +fullfp16 -target-feature +sm4 -target-feature +sha3 -target-feature +sha2 -target-feature +aes -fdebug-compilation-dir=/Users/lyuda/LIBEFP/libefp_torch_skp_Oct20/cmake-build-debug/CMakeFiles/3.25.2/CompilerIdFortran -dwarf-debug-producer "Apple clang version 14.0.3 (clang-1403.0.22.14.1)" -dwarf-version=4 -mrelocation-model pic --mrelax-relocations -mllvm -disable-aligned-alloc-awareness=1 -o /var/folders/3g/p2rv83b54v91jhq4446pllmr0000gn/T//cct28SRP.o /var/folders/3g/p2rv83b54v91jhq4446pllmr0000gn/T//cc53Rw4Y.s
Reading specs from /opt/homebrew/Cellar/gcc/14.2.0/bin/../lib/gcc/current/gcc/aarch64-apple-darwin22/14/../../../libgfortran.spec
rename spec lib to liborig
COLLECT_GCC_OPTIONS='-v' '-mmacosx-version-min=13.0.0'  '-nodefaultexport' '-mcpu=apple-m1' '-mlittle-endian' '-mabi=lp64' '-dumpdir' 'a-'
COMPILER_PATH=/opt/homebrew/Cellar/gcc/14.2.0/bin/../libexec/gcc/aarch64-apple-darwin22/14/:/opt/homebrew/Cellar/gcc/14.2.0/bin/../libexec/gcc/
LIBRARY_PATH=/opt/homebrew/Cellar/gcc/14.2.0/bin/../lib/gcc/current/gcc/aarch64-apple-darwin22/14/:/opt/homebrew/Cellar/gcc/14.2.0/bin/../lib/gcc/current/gcc/:/opt/homebrew/Cellar/gcc/14.2.0/bin/../lib/gcc/current/gcc/aarch64-apple-darwin22/14/../../../
COLLECT_GCC_OPTIONS='-v' '-mmacosx-version-min=13.0.0'  '-nodefaultexport' '-mcpu=apple-m1' '-mlittle-endian' '-mabi=lp64' '-dumpdir' 'a.'
 /opt/homebrew/Cellar/gcc/14.2.0/bin/../libexec/gcc/aarch64-apple-darwin22/14/collect2 -demangle -syslibroot /Library/Developer/CommandLineTools/SDKs/MacOSX13.sdk/ -dynamic -arch arm64 -platform_version macos 13.0.0 0.0 -o a.out -L/opt/homebrew/Cellar/gcc/14.2.0/bin/../lib/gcc/current/gcc/aarch64-apple-darwin22/14 -L/opt/homebrew/Cellar/gcc/14.2.0/bin/../lib/gcc/current/gcc -L/opt/homebrew/Cellar/gcc/14.2.0/bin/../lib/gcc/current/gcc/aarch64-apple-darwin22/14/../../.. -lemutls_w -lheapt_w /var/folders/3g/p2rv83b54v91jhq4446pllmr0000gn/T//cct28SRP.o -lgfortran -lgcc -lquadmath -lSystem -no_compact_unwind -rpath @loader_path -rpath /opt/homebrew/Cellar/gcc/14.2.0/lib/gcc/current/gcc/aarch64-apple-darwin22/14 -rpath /opt/homebrew/Cellar/gcc/14.2.0/lib/gcc/current/gcc -rpath /opt/homebrew/Cellar/gcc/14.2.0/lib/gcc/current


Compilation of the Fortran compiler identification source "CMakeFortranCompilerId.F" produced "a.out"

The Fortran compiler identification is GNU, found in "/Users/lyuda/LIBEFP/libefp_torch_skp_Oct20/cmake-build-debug/CMakeFiles/3.25.2/CompilerIdFortran/a.out"

Detecting Fortran compiler ABI info compiled with the following output:
Change Dir: /Users/lyuda/LIBEFP/libefp_torch_skp_Oct20/cmake-build-debug/CMakeFiles/CMakeScratch/TryCompile-mKNG0w

Run Build Command(s):/Applications/CLion.app/Contents/bin/ninja/mac/ninja cmTC_88210 && [1/4] Building Fortran preprocessed CMakeFiles/cmTC_88210.dir/CMakeFortranCompilerABI.F90-pp.f90
Using built-in specs.
COLLECT_GCC=/opt/homebrew/bin/gfortran
Target: aarch64-apple-darwin22
Configured with: ../configure --prefix=/opt/homebrew/opt/gcc --libdir=/opt/homebrew/opt/gcc/lib/gcc/current --disable-nls --enable-checking=release --with-gcc-major-version-only --enable-languages=c,c++,objc,obj-c++,fortran,m2 --program-suffix=-14 --with-gmp=/opt/homebrew/opt/gmp --with-mpfr=/opt/homebrew/opt/mpfr --with-mpc=/opt/homebrew/opt/libmpc --with-isl=/opt/homebrew/opt/isl --with-zstd=/opt/homebrew/opt/zstd --with-pkgversion='Homebrew GCC 14.2.0' --with-bugurl=https://github.com/Homebrew/homebrew-core/issues --with-system-zlib --build=aarch64-apple-darwin22 --with-sysroot=/Library/Developer/CommandLineTools/SDKs/MacOSX13.sdk
Thread model: posix
Supported LTO compression algorithms: zlib zstd
gcc version 14.2.0 (Homebrew GCC 14.2.0) 
COLLECT_GCC_OPTIONS='-fdiagnostics-color=always' '-cpp' '-isysroot' '/Library/Developer/CommandLineTools/SDKs/MacOSX13.3.sdk' '-v' '-E' '-o' 'CMakeFiles/cmTC_88210.dir/CMakeFortranCompilerABI.F90-pp.f90' '-mmacosx-version-min=13.2' '-asm_macosx_version_min=13.2' '-nodefaultexport' '-mcpu=apple-m1' '-mlittle-endian' '-mabi=lp64' '-dumpdir' 'CMakeFiles/cmTC_88210.dir/'
 /opt/homebrew/Cellar/gcc/14.2.0/bin/../libexec/gcc/aarch64-apple-darwin22/14/f951 /Applications/CLion.app/Contents/bin/cmake/mac/share/cmake-3.25/Modules/CMakeFortranCompilerABI.F90 -cpp=/var/folders/3g/p2rv83b54v91jhq4446pllmr0000gn/T//ccHp8mli.fii -E -quiet -v -iprefix /opt/homebrew/Cellar/gcc/14.2.0/bin/../lib/gcc/current/gcc/aarch64-apple-darwin22/14/ -D__DYNAMIC__ -isysroot /Library/Developer/CommandLineTools/SDKs/MacOSX13.3.sdk /Applications/CLion.app/Contents/bin/cmake/mac/share/cmake-3.25/Modules/CMakeFortranCompilerABI.F90 -o CMakeFiles/cmTC_88210.dir/CMakeFortranCompilerABI.F90-pp.f90 -dumpdir CMakeFiles/cmTC_88210.dir/ -dumpbase CMakeFortranCompilerABI.F90-pp.F90 -dumpbase-ext .F90 -fPIC -mmacosx-version-min=13.2 -mcpu=apple-m1 -mlittle-endian -mabi=lp64 -fdiagnostics-color=always -fsyntax-only
ignoring nonexistent directory "/opt/homebrew/Cellar/gcc/14.2.0/bin/../lib/gcc/current/gcc/aarch64-apple-darwin22/14/../../../../../../aarch64-apple-darwin22/include"
ignoring duplicate directory "/opt/homebrew/Cellar/gcc/14.2.0/bin/../lib/gcc/current/gcc/../../../../lib/gcc/current/gcc/aarch64-apple-darwin22/14/include"
ignoring nonexistent directory "/Library/Developer/CommandLineTools/SDKs/MacOSX13.3.sdk/usr/local/include"
ignoring duplicate directory "/opt/homebrew/Cellar/gcc/14.2.0/bin/../lib/gcc/current/gcc/../../../../lib/gcc/current/gcc/aarch64-apple-darwin22/14/include-fixed"
ignoring nonexistent directory "/opt/homebrew/Cellar/gcc/14.2.0/bin/../lib/gcc/current/gcc/../../../../lib/gcc/current/gcc/aarch64-apple-darwin22/14/../../../../../../aarch64-apple-darwin22/include"
#include "..." search starts here:
#include <...> search starts here:
 /opt/homebrew/Cellar/gcc/14.2.0/bin/../lib/gcc/current/gcc/aarch64-apple-darwin22/14/include
 /opt/homebrew/Cellar/gcc/14.2.0/bin/../lib/gcc/current/gcc/aarch64-apple-darwin22/14/include-fixed
 /Library/Developer/CommandLineTools/SDKs/MacOSX13.3.sdk/usr/include
End of search list.
COMPILER_PATH=/opt/homebrew/Cellar/gcc/14.2.0/bin/../libexec/gcc/aarch64-apple-darwin22/14/:/opt/homebrew/Cellar/gcc/14.2.0/bin/../libexec/gcc/
LIBRARY_PATH=/opt/homebrew/Cellar/gcc/14.2.0/bin/../lib/gcc/current/gcc/aarch64-apple-darwin22/14/:/opt/homebrew/Cellar/gcc/14.2.0/bin/../lib/gcc/current/gcc/:/opt/homebrew/Cellar/gcc/14.2.0/bin/../lib/gcc/current/gcc/aarch64-apple-darwin22/14/../../../
COLLECT_GCC_OPTIONS='-fdiagnostics-color=always' '-cpp' '-isysroot' '/Library/Developer/CommandLineTools/SDKs/MacOSX13.3.sdk' '-v' '-E' '-o' 'CMakeFiles/cmTC_88210.dir/CMakeFortranCompilerABI.F90-pp.f90' '-mmacosx-version-min=13.2' '-asm_macosx_version_min=13.2' '-nodefaultexport' '-mcpu=apple-m1' '-mlittle-endian' '-mabi=lp64' '-dumpdir' 'CMakeFiles/cmTC_88210.dir/CMakeFortranCompilerABI.F90-pp.'
[2/4] Generating Fortran dyndep file CMakeFiles/cmTC_88210.dir/Fortran.dd
[3/4] Building Fortran object CMakeFiles/cmTC_88210.dir/CMakeFortranCompilerABI.F90.o
Using built-in specs.
COLLECT_GCC=/opt/homebrew/bin/gfortran
Target: aarch64-apple-darwin22
Configured with: ../configure --prefix=/opt/homebrew/opt/gcc --libdir=/opt/homebrew/opt/gcc/lib/gcc/current --disable-nls --enable-checking=release --with-gcc-major-version-only --enable-languages=c,c++,objc,obj-c++,fortran,m2 --program-suffix=-14 --with-gmp=/opt/homebrew/opt/gmp --with-mpfr=/opt/homebrew/opt/mpfr --with-mpc=/opt/homebrew/opt/libmpc --with-isl=/opt/homebrew/opt/isl --with-zstd=/opt/homebrew/opt/zstd --with-pkgversion='Homebrew GCC 14.2.0' --with-bugurl=https://github.com/Homebrew/homebrew-core/issues --with-system-zlib --build=aarch64-apple-darwin22 --with-sysroot=/Library/Developer/CommandLineTools/SDKs/MacOSX13.sdk
Thread model: posix
Supported LTO compression algorithms: zlib zstd
gcc version 14.2.0 (Homebrew GCC 14.2.0) 
COLLECT_GCC_OPTIONS='-fdiagnostics-color=always' '-I' '/Applications/CLion.app/Contents/bin/cmake/mac/share/cmake-3.25/Modules' '-isysroot' '/Library/Developer/CommandLineTools/SDKs/MacOSX13.3.sdk' '-v' '-fpreprocessed' '-c' '-o' 'CMakeFiles/cmTC_88210.dir/CMakeFortranCompilerABI.F90.o' '-mmacosx-version-min=13.2' '-asm_macosx_version_min=13.2' '-nodefaultexport' '-mcpu=apple-m1' '-mlittle-endian' '-mabi=lp64' '-dumpdir' 'CMakeFiles/cmTC_88210.dir/'
 /opt/homebrew/Cellar/gcc/14.2.0/bin/../libexec/gcc/aarch64-apple-darwin22/14/f951 CMakeFiles/cmTC_88210.dir/CMakeFortranCompilerABI.F90-pp.f90 -isysroot /Library/Developer/CommandLineTools/SDKs/MacOSX13.3.sdk -I /Applications/CLion.app/Contents/bin/cmake/mac/share/cmake-3.25/Modules -fPIC -quiet -dumpdir CMakeFiles/cmTC_88210.dir/ -dumpbase CMakeFortranCompilerABI.F90.f90 -dumpbase-ext .f90 -mmacosx-version-min=13.2 -mcpu=apple-m1 -mlittle-endian -mabi=lp64 -version -fdiagnostics-color=always -fpreprocessed -fintrinsic-modules-path /opt/homebrew/Cellar/gcc/14.2.0/bin/../lib/gcc/current/gcc/aarch64-apple-darwin22/14/finclude -o /var/folders/3g/p2rv83b54v91jhq4446pllmr0000gn/T//cc8AsmZJ.s
GNU Fortran (Homebrew GCC 14.2.0) version 14.2.0 (aarch64-apple-darwin22)
	compiled by GNU C version 14.2.0, GMP version 6.3.0, MPFR version 4.2.1, MPC version 1.3.1, isl version isl-0.27-GMP

GGC heuristics: --param ggc-min-expand=100 --param ggc-min-heapsize=131072
COLLECT_GCC_OPTIONS='-fdiagnostics-color=always' '-I' '/Applications/CLion.app/Contents/bin/cmake/mac/share/cmake-3.25/Modules' '-isysroot' '/Library/Developer/CommandLineTools/SDKs/MacOSX13.3.sdk' '-v' '-fpreprocessed' '-c' '-o' 'CMakeFiles/cmTC_88210.dir/CMakeFortranCompilerABI.F90.o' '-mmacosx-version-min=13.2'  '-nodefaultexport' '-mcpu=apple-m1' '-mlittle-endian' '-mabi=lp64' '-dumpdir' 'CMakeFiles/cmTC_88210.dir/'
 as -arch arm64 -v -I /Applications/CLion.app/Contents/bin/cmake/mac/share/cmake-3.25/Modules -mmacosx-version-min=13.2 -o CMakeFiles/cmTC_88210.dir/CMakeFortranCompilerABI.F90.o /var/folders/3g/p2rv83b54v91jhq4446pllmr0000gn/T//cc8AsmZJ.s
Apple clang version 14.0.3 (clang-1403.0.22.14.1)
Target: arm64-apple-darwin22.3.0
Thread model: posix
InstalledDir: /Library/Developer/CommandLineTools/usr/bin
 "/Library/Developer/CommandLineTools/usr/bin/clang" -cc1as -triple arm64-apple-macosx13.2.0 -filetype obj -main-file-name cc8AsmZJ.s -target-cpu apple-m1 -target-feature +v8.5a -target-feature +crc -target-feature +lse -target-feature +rdm -target-feature +crypto -target-feature +dotprod -target-feature +fp-armv8 -target-feature +neon -target-feature +fp16fml -target-feature +ras -target-feature +rcpc -target-feature +zcm -target-feature +zcz -target-feature +fullfp16 -target-feature +sm4 -target-feature +sha3 -target-feature +sha2 -target-feature +aes -I /Applications/CLion.app/Contents/bin/cmake/mac/share/cmake-3.25/Modules -fdebug-compilation-dir=/Users/lyuda/LIBEFP/libefp_torch_skp_Oct20/cmake-build-debug/CMakeFiles/CMakeScratch/TryCompile-mKNG0w -dwarf-debug-producer "Apple clang version 14.0.3 (clang-1403.0.22.14.1)" -I /Applications/CLion.app/Contents/bin/cmake/mac/share/cmake-3.25/Modules -dwarf-version=4 -mrelocation-model pic --mrelax-relocations -mllvm -disable-aligned-alloc-awareness=1 -o CMakeFiles/cmTC_88210.dir/CMakeFortranCompilerABI.F90.o /var/folders/3g/p2rv83b54v91jhq4446pllmr0000gn/T//cc8AsmZJ.s
COMPILER_PATH=/opt/homebrew/Cellar/gcc/14.2.0/bin/../libexec/gcc/aarch64-apple-darwin22/14/:/opt/homebrew/Cellar/gcc/14.2.0/bin/../libexec/gcc/
LIBRARY_PATH=/opt/homebrew/Cellar/gcc/14.2.0/bin/../lib/gcc/current/gcc/aarch64-apple-darwin22/14/:/opt/homebrew/Cellar/gcc/14.2.0/bin/../lib/gcc/current/gcc/:/opt/homebrew/Cellar/gcc/14.2.0/bin/../lib/gcc/current/gcc/aarch64-apple-darwin22/14/../../../
COLLECT_GCC_OPTIONS='-fdiagnostics-color=always' '-I' '/Applications/CLion.app/Contents/bin/cmake/mac/share/cmake-3.25/Modules' '-isysroot' '/Library/Developer/CommandLineTools/SDKs/MacOSX13.3.sdk' '-v' '-fpreprocessed' '-c' '-o' 'CMakeFiles/cmTC_88210.dir/CMakeFortranCompilerABI.F90.o' '-mmacosx-version-min=13.2'  '-nodefaultexport' '-mcpu=apple-m1' '-mlittle-endian' '-mabi=lp64' '-dumpdir' 'CMakeFiles/cmTC_88210.dir/CMakeFortranCompilerABI.F90.'
[4/4] Linking Fortran executable cmTC_88210
Driving: /opt/homebrew/bin/gfortran -v -Wl,-v -isysroot /Library/Developer/CommandLineTools/SDKs/MacOSX13.3.sdk CMakeFiles/cmTC_88210.dir/CMakeFortranCompilerABI.F90.o -o cmTC_88210 -mmacosx-version-min=13.2 -asm_macosx_version_min=13.2 -nodefaultexport -l gfortran
Using built-in specs.
COLLECT_GCC=/opt/homebrew/bin/gfortran
COLLECT_LTO_WRAPPER=/opt/homebrew/Cellar/gcc/14.2.0/bin/../libexec/gcc/aarch64-apple-darwin22/14/lto-wrapper
Target: aarch64-apple-darwin22
Configured with: ../configure --prefix=/opt/homebrew/opt/gcc --libdir=/opt/homebrew/opt/gcc/lib/gcc/current --disable-nls --enable-checking=release --with-gcc-major-version-only --enable-languages=c,c++,objc,obj-c++,fortran,m2 --program-suffix=-14 --with-gmp=/opt/homebrew/opt/gmp --with-mpfr=/opt/homebrew/opt/mpfr --with-mpc=/opt/homebrew/opt/libmpc --with-isl=/opt/homebrew/opt/isl --with-zstd=/opt/homebrew/opt/zstd --with-pkgversion='Homebrew GCC 14.2.0' --with-bugurl=https://github.com/Homebrew/homebrew-core/issues --with-system-zlib --build=aarch64-apple-darwin22 --with-sysroot=/Library/Developer/CommandLineTools/SDKs/MacOSX13.sdk
Thread model: posix
Supported LTO compression algorithms: zlib zstd
gcc version 14.2.0 (Homebrew GCC 14.2.0) 
Reading specs from /opt/homebrew/Cellar/gcc/14.2.0/bin/../lib/gcc/current/gcc/aarch64-apple-darwin22/14/../../../libgfortran.spec
rename spec lib to liborig
COLLECT_GCC_OPTIONS='-v' '-isysroot' '/Library/Developer/CommandLineTools/SDKs/MacOSX13.3.sdk' '-o' 'cmTC_88210' '-mmacosx-version-min=13.2' '-asm_macosx_version_min=13.2' '-nodefaultexport' '-mcpu=apple-m1' '-mlittle-endian' '-mabi=lp64' '-dumpdir' 'cmTC_88210-'
COMPILER_PATH=/opt/homebrew/Cellar/gcc/14.2.0/bin/../libexec/gcc/aarch64-apple-darwin22/14/:/opt/homebrew/Cellar/gcc/14.2.0/bin/../libexec/gcc/
LIBRARY_PATH=/opt/homebrew/Cellar/gcc/14.2.0/bin/../lib/gcc/current/gcc/aarch64-apple-darwin22/14/:/opt/homebrew/Cellar/gcc/14.2.0/bin/../lib/gcc/current/gcc/:/opt/homebrew/Cellar/gcc/14.2.0/bin/../lib/gcc/current/gcc/aarch64-apple-darwin22/14/../../../
COLLECT_GCC_OPTIONS='-v' '-isysroot' '/Library/Developer/CommandLineTools/SDKs/MacOSX13.3.sdk' '-o' 'cmTC_88210' '-mmacosx-version-min=13.2' '-asm_macosx_version_min=13.2' '-nodefaultexport' '-mcpu=apple-m1' '-mlittle-endian' '-mabi=lp64' '-dumpdir' 'cmTC_88210.'
 /opt/homebrew/Cellar/gcc/14.2.0/bin/../libexec/gcc/aarch64-apple-darwin22/14/collect2 -demangle -dynamic -arch arm64 -syslibroot /Library/Developer/CommandLineTools/SDKs/MacOSX13.3.sdk -platform_version macos 13.2 0.0 -o cmTC_88210 -L/opt/homebrew/Cellar/gcc/14.2.0/bin/../lib/gcc/current/gcc/aarch64-apple-darwin22/14 -L/opt/homebrew/Cellar/gcc/14.2.0/bin/../lib/gcc/current/gcc -L/opt/homebrew/Cellar/gcc/14.2.0/bin/../lib/gcc/current/gcc/aarch64-apple-darwin22/14/../../.. -lemutls_w -lheapt_w -v CMakeFiles/cmTC_88210.dir/CMakeFortranCompilerABI.F90.o -lgfortran -lgcc -lquadmath -lSystem -no_compact_unwind -rpath @loader_path -rpath /opt/homebrew/Cellar/gcc/14.2.0/lib/gcc/current/gcc/aarch64-apple-darwin22/14 -rpath /opt/homebrew/Cellar/gcc/14.2.0/lib/gcc/current/gcc -rpath /opt/homebrew/Cellar/gcc/14.2.0/lib/gcc/current
collect2 version 14.2.0
/Users/lyuda/anaconda3/bin/ld -demangle -dynamic -arch arm64 -syslibroot /Library/Developer/CommandLineTools/SDKs/MacOSX13.3.sdk -platform_version macos 13.2 0.0 -o cmTC_88210 -L/opt/homebrew/Cellar/gcc/14.2.0/bin/../lib/gcc/current/gcc/aarch64-apple-darwin22/14 -L/opt/homebrew/Cellar/gcc/14.2.0/bin/../lib/gcc/current/gcc -L/opt/homebrew/Cellar/gcc/14.2.0/bin/../lib/gcc/current/gcc/aarch64-apple-darwin22/14/../../.. -lemutls_w -lheapt_w -v CMakeFiles/cmTC_88210.dir/CMakeFortranCompilerABI.F90.o -lgfortran -lgcc -lquadmath -lSystem -no_compact_unwind -rpath @loader_path -rpath /opt/homebrew/Cellar/gcc/14.2.0/lib/gcc/current/gcc/aarch64-apple-darwin22/14 -rpath /opt/homebrew/Cellar/gcc/14.2.0/lib/gcc/current/gcc -rpath /opt/homebrew/Cellar/gcc/14.2.0/lib/gcc/current
@(#)PROGRAM:ld  PROJECT:ld64-530
BUILD 07:38:32 Sep  7 2022
configured to support archs: armv6 armv7 armv7s arm64 arm64e arm64_32 i386 x86_64 x86_64h armv6m armv7k armv7m armv7em (tvOS)
Library search paths:
	/opt/homebrew/Cellar/gcc/14.2.0/lib/gcc/current/gcc/aarch64-apple-darwin22/14
	/opt/homebrew/Cellar/gcc/14.2.0/lib/gcc/current/gcc
	/opt/homebrew/Cellar/gcc/14.2.0/lib/gcc/current
	/Library/Developer/CommandLineTools/SDKs/MacOSX13.3.sdk/usr/lib
Framework search paths:
	/Library/Developer/CommandLineTools/SDKs/MacOSX13.3.sdk/System/Library/Frameworks/



Parsed Fortran implicit include dir info from above output: rv=done
  found start of include info
  found start of implicit include info
    add: [/opt/homebrew/Cellar/gcc/14.2.0/bin/../lib/gcc/current/gcc/aarch64-apple-darwin22/14/include]
    add: [/opt/homebrew/Cellar/gcc/14.2.0/bin/../lib/gcc/current/gcc/aarch64-apple-darwin22/14/include-fixed]
    add: [/Library/Developer/CommandLineTools/SDKs/MacOSX13.3.sdk/usr/include]
  end of search list found
  collapse include dir [/opt/homebrew/Cellar/gcc/14.2.0/bin/../lib/gcc/current/gcc/aarch64-apple-darwin22/14/include] ==> [/opt/homebrew/Cellar/gcc/14.2.0/lib/gcc/current/gcc/aarch64-apple-darwin22/14/include]
  collapse include dir [/opt/homebrew/Cellar/gcc/14.2.0/bin/../lib/gcc/current/gcc/aarch64-apple-darwin22/14/include-fixed] ==> [/opt/homebrew/Cellar/gcc/14.2.0/lib/gcc/current/gcc/aarch64-apple-darwin22/14/include-fixed]
  collapse include dir [/Library/Developer/CommandLineTools/SDKs/MacOSX13.3.sdk/usr/include] ==> [/Library/Developer/CommandLineTools/SDKs/MacOSX13.3.sdk/usr/include]
  implicit include dirs: [/opt/homebrew/Cellar/gcc/14.2.0/lib/gcc/current/gcc/aarch64-apple-darwin22/14/include;/opt/homebrew/Cellar/gcc/14.2.0/lib/gcc/current/gcc/aarch64-apple-darwin22/14/include-fixed;/Library/Developer/CommandLineTools/SDKs/MacOSX13.3.sdk/usr/include]


Parsed Fortran implicit link information from above output:
  link line regex: [^( *|.*[/\])(ld|CMAKE_LINK_STARTFILE-NOTFOUND|([^/\]+-)?ld|collect2)[^/\]*( |$)]
  ignore line: [Change Dir: /Users/lyuda/LIBEFP/libefp_torch_skp_Oct20/cmake-build-debug/CMakeFiles/CMakeScratch/TryCompile-mKNG0w]
  ignore line: []
  ignore line: [Run Build Command(s):/Applications/CLion.app/Contents/bin/ninja/mac/ninja cmTC_88210 && [1/4] Building Fortran preprocessed CMakeFiles/cmTC_88210.dir/CMakeFortranCompilerABI.F90-pp.f90]
  ignore line: [Using built-in specs.]
  ignore line: [COLLECT_GCC=/opt/homebrew/bin/gfortran]
  ignore line: [Target: aarch64-apple-darwin22]
  ignore line: [Configured with: ../configure --prefix=/opt/homebrew/opt/gcc --libdir=/opt/homebrew/opt/gcc/lib/gcc/current --disable-nls --enable-checking=release --with-gcc-major-version-only --enable-languages=c c++ objc obj-c++ fortran m2 --program-suffix=-14 --with-gmp=/opt/homebrew/opt/gmp --with-mpfr=/opt/homebrew/opt/mpfr --with-mpc=/opt/homebrew/opt/libmpc --with-isl=/opt/homebrew/opt/isl --with-zstd=/opt/homebrew/opt/zstd --with-pkgversion='Homebrew GCC 14.2.0' --with-bugurl=https://github.com/Homebrew/homebrew-core/issues --with-system-zlib --build=aarch64-apple-darwin22 --with-sysroot=/Library/Developer/CommandLineTools/SDKs/MacOSX13.sdk]
  ignore line: [Thread model: posix]
  ignore line: [Supported LTO compression algorithms: zlib zstd]
  ignore line: [gcc version 14.2.0 (Homebrew GCC 14.2.0) ]
  ignore line: [COLLECT_GCC_OPTIONS='-fdiagnostics-color=always' '-cpp' '-isysroot' '/Library/Developer/CommandLineTools/SDKs/MacOSX13.3.sdk' '-v' '-E' '-o' 'CMakeFiles/cmTC_88210.dir/CMakeFortranCompilerABI.F90-pp.f90' '-mmacosx-version-min=13.2' '-asm_macosx_version_min=13.2' '-nodefaultexport' '-mcpu=apple-m1' '-mlittle-endian' '-mabi=lp64' '-dumpdir' 'CMakeFiles/cmTC_88210.dir/']
  ignore line: [ /opt/homebrew/Cellar/gcc/14.2.0/bin/../libexec/gcc/aarch64-apple-darwin22/14/f951 /Applications/CLion.app/Contents/bin/cmake/mac/share/cmake-3.25/Modules/CMakeFortranCompilerABI.F90 -cpp=/var/folders/3g/p2rv83b54v91jhq4446pllmr0000gn/T//ccHp8mli.fii -E -quiet -v -iprefix /opt/homebrew/Cellar/gcc/14.2.0/bin/../lib/gcc/current/gcc/aarch64-apple-darwin22/14/ -D__DYNAMIC__ -isysroot /Library/Developer/CommandLineTools/SDKs/MacOSX13.3.sdk /Applications/CLion.app/Contents/bin/cmake/mac/share/cmake-3.25/Modules/CMakeFortranCompilerABI.F90 -o CMakeFiles/cmTC_88210.dir/CMakeFortranCompilerABI.F90-pp.f90 -dumpdir CMakeFiles/cmTC_88210.dir/ -dumpbase CMakeFortranCompilerABI.F90-pp.F90 -dumpbase-ext .F90 -fPIC -mmacosx-version-min=13.2 -mcpu=apple-m1 -mlittle-endian -mabi=lp64 -fdiagnostics-color=always -fsyntax-only]
  ignore line: [ignoring nonexistent directory "/opt/homebrew/Cellar/gcc/14.2.0/bin/../lib/gcc/current/gcc/aarch64-apple-darwin22/14/../../../../../../aarch64-apple-darwin22/include"]
  ignore line: [ignoring duplicate directory "/opt/homebrew/Cellar/gcc/14.2.0/bin/../lib/gcc/current/gcc/../../../../lib/gcc/current/gcc/aarch64-apple-darwin22/14/include"]
  ignore line: [ignoring nonexistent directory "/Library/Developer/CommandLineTools/SDKs/MacOSX13.3.sdk/usr/local/include"]
  ignore line: [ignoring duplicate directory "/opt/homebrew/Cellar/gcc/14.2.0/bin/../lib/gcc/current/gcc/../../../../lib/gcc/current/gcc/aarch64-apple-darwin22/14/include-fixed"]
  ignore line: [ignoring nonexistent directory "/opt/homebrew/Cellar/gcc/14.2.0/bin/../lib/gcc/current/gcc/../../../../lib/gcc/current/gcc/aarch64-apple-darwin22/14/../../../../../../aarch64-apple-darwin22/include"]
  ignore line: [#include "..." search starts here:]
  ignore line: [#include <...> search starts here:]
  ignore line: [ /opt/homebrew/Cellar/gcc/14.2.0/bin/../lib/gcc/current/gcc/aarch64-apple-darwin22/14/include]
  ignore line: [ /opt/homebrew/Cellar/gcc/14.2.0/bin/../lib/gcc/current/gcc/aarch64-apple-darwin22/14/include-fixed]
  ignore line: [ /Library/Developer/CommandLineTools/SDKs/MacOSX13.3.sdk/usr/include]
  ignore line: [End of search list.]
  ignore line: [COMPILER_PATH=/opt/homebrew/Cellar/gcc/14.2.0/bin/../libexec/gcc/aarch64-apple-darwin22/14/:/opt/homebrew/Cellar/gcc/14.2.0/bin/../libexec/gcc/]
  ignore line: [LIBRARY_PATH=/opt/homebrew/Cellar/gcc/14.2.0/bin/../lib/gcc/current/gcc/aarch64-apple-darwin22/14/:/opt/homebrew/Cellar/gcc/14.2.0/bin/../lib/gcc/current/gcc/:/opt/homebrew/Cellar/gcc/14.2.0/bin/../lib/gcc/current/gcc/aarch64-apple-darwin22/14/../../../]
  ignore line: [COLLECT_GCC_OPTIONS='-fdiagnostics-color=always' '-cpp' '-isysroot' '/Library/Developer/CommandLineTools/SDKs/MacOSX13.3.sdk' '-v' '-E' '-o' 'CMakeFiles/cmTC_88210.dir/CMakeFortranCompilerABI.F90-pp.f90' '-mmacosx-version-min=13.2' '-asm_macosx_version_min=13.2' '-nodefaultexport' '-mcpu=apple-m1' '-mlittle-endian' '-mabi=lp64' '-dumpdir' 'CMakeFiles/cmTC_88210.dir/CMakeFortranCompilerABI.F90-pp.']
  ignore line: [[2/4] Generating Fortran dyndep file CMakeFiles/cmTC_88210.dir/Fortran.dd]
  ignore line: [[3/4] Building Fortran object CMakeFiles/cmTC_88210.dir/CMakeFortranCompilerABI.F90.o]
  ignore line: [Using built-in specs.]
  ignore line: [COLLECT_GCC=/opt/homebrew/bin/gfortran]
  ignore line: [Target: aarch64-apple-darwin22]
  ignore line: [Configured with: ../configure --prefix=/opt/homebrew/opt/gcc --libdir=/opt/homebrew/opt/gcc/lib/gcc/current --disable-nls --enable-checking=release --with-gcc-major-version-only --enable-languages=c c++ objc obj-c++ fortran m2 --program-suffix=-14 --with-gmp=/opt/homebrew/opt/gmp --with-mpfr=/opt/homebrew/opt/mpfr --with-mpc=/opt/homebrew/opt/libmpc --with-isl=/opt/homebrew/opt/isl --with-zstd=/opt/homebrew/opt/zstd --with-pkgversion='Homebrew GCC 14.2.0' --with-bugurl=https://github.com/Homebrew/homebrew-core/issues --with-system-zlib --build=aarch64-apple-darwin22 --with-sysroot=/Library/Developer/CommandLineTools/SDKs/MacOSX13.sdk]
  ignore line: [Thread model: posix]
  ignore line: [Supported LTO compression algorithms: zlib zstd]
  ignore line: [gcc version 14.2.0 (Homebrew GCC 14.2.0) ]
  ignore line: [COLLECT_GCC_OPTIONS='-fdiagnostics-color=always' '-I' '/Applications/CLion.app/Contents/bin/cmake/mac/share/cmake-3.25/Modules' '-isysroot' '/Library/Developer/CommandLineTools/SDKs/MacOSX13.3.sdk' '-v' '-fpreprocessed' '-c' '-o' 'CMakeFiles/cmTC_88210.dir/CMakeFortranCompilerABI.F90.o' '-mmacosx-version-min=13.2' '-asm_macosx_version_min=13.2' '-nodefaultexport' '-mcpu=apple-m1' '-mlittle-endian' '-mabi=lp64' '-dumpdir' 'CMakeFiles/cmTC_88210.dir/']
  ignore line: [ /opt/homebrew/Cellar/gcc/14.2.0/bin/../libexec/gcc/aarch64-apple-darwin22/14/f951 CMakeFiles/cmTC_88210.dir/CMakeFortranCompilerABI.F90-pp.f90 -isysroot /Library/Developer/CommandLineTools/SDKs/MacOSX13.3.sdk -I /Applications/CLion.app/Contents/bin/cmake/mac/share/cmake-3.25/Modules -fPIC -quiet -dumpdir CMakeFiles/cmTC_88210.dir/ -dumpbase CMakeFortranCompilerABI.F90.f90 -dumpbase-ext .f90 -mmacosx-version-min=13.2 -mcpu=apple-m1 -mlittle-endian -mabi=lp64 -version -fdiagnostics-color=always -fpreprocessed -fintrinsic-modules-path /opt/homebrew/Cellar/gcc/14.2.0/bin/../lib/gcc/current/gcc/aarch64-apple-darwin22/14/finclude -o /var/folders/3g/p2rv83b54v91jhq4446pllmr0000gn/T//cc8AsmZJ.s]
  ignore line: [GNU Fortran (Homebrew GCC 14.2.0) version 14.2.0 (aarch64-apple-darwin22)]
  ignore line: [	compiled by GNU C version 14.2.0  GMP version 6.3.0  MPFR version 4.2.1  MPC version 1.3.1  isl version isl-0.27-GMP]
  ignore line: []
  ignore line: [GGC heuristics: --param ggc-min-expand=100 --param ggc-min-heapsize=131072]
  ignore line: [COLLECT_GCC_OPTIONS='-fdiagnostics-color=always' '-I' '/Applications/CLion.app/Contents/bin/cmake/mac/share/cmake-3.25/Modules' '-isysroot' '/Library/Developer/CommandLineTools/SDKs/MacOSX13.3.sdk' '-v' '-fpreprocessed' '-c' '-o' 'CMakeFiles/cmTC_88210.dir/CMakeFortranCompilerABI.F90.o' '-mmacosx-version-min=13.2'  '-nodefaultexport' '-mcpu=apple-m1' '-mlittle-endian' '-mabi=lp64' '-dumpdir' 'CMakeFiles/cmTC_88210.dir/']
  ignore line: [ as -arch arm64 -v -I /Applications/CLion.app/Contents/bin/cmake/mac/share/cmake-3.25/Modules -mmacosx-version-min=13.2 -o CMakeFiles/cmTC_88210.dir/CMakeFortranCompilerABI.F90.o /var/folders/3g/p2rv83b54v91jhq4446pllmr0000gn/T//cc8AsmZJ.s]
  ignore line: [Apple clang version 14.0.3 (clang-1403.0.22.14.1)]
  ignore line: [Target: arm64-apple-darwin22.3.0]
  ignore line: [Thread model: posix]
  ignore line: [InstalledDir: /Library/Developer/CommandLineTools/usr/bin]
  ignore line: [ "/Library/Developer/CommandLineTools/usr/bin/clang" -cc1as -triple arm64-apple-macosx13.2.0 -filetype obj -main-file-name cc8AsmZJ.s -target-cpu apple-m1 -target-feature +v8.5a -target-feature +crc -target-feature +lse -target-feature +rdm -target-feature +crypto -target-feature +dotprod -target-feature +fp-armv8 -target-feature +neon -target-feature +fp16fml -target-feature +ras -target-feature +rcpc -target-feature +zcm -target-feature +zcz -target-feature +fullfp16 -target-feature +sm4 -target-feature +sha3 -target-feature +sha2 -target-feature +aes -I /Applications/CLion.app/Contents/bin/cmake/mac/share/cmake-3.25/Modules -fdebug-compilation-dir=/Users/lyuda/LIBEFP/libefp_torch_skp_Oct20/cmake-build-debug/CMakeFiles/CMakeScratch/TryCompile-mKNG0w -dwarf-debug-producer "Apple clang version 14.0.3 (clang-1403.0.22.14.1)" -I /Applications/CLion.app/Contents/bin/cmake/mac/share/cmake-3.25/Modules -dwarf-version=4 -mrelocation-model pic --mrelax-relocations -mllvm -disable-aligned-alloc-awareness=1 -o CMakeFiles/cmTC_88210.dir/CMakeFortranCompilerABI.F90.o /var/folders/3g/p2rv83b54v91jhq4446pllmr0000gn/T//cc8AsmZJ.s]
  ignore line: [COMPILER_PATH=/opt/homebrew/Cellar/gcc/14.2.0/bin/../libexec/gcc/aarch64-apple-darwin22/14/:/opt/homebrew/Cellar/gcc/14.2.0/bin/../libexec/gcc/]
  ignore line: [LIBRARY_PATH=/opt/homebrew/Cellar/gcc/14.2.0/bin/../lib/gcc/current/gcc/aarch64-apple-darwin22/14/:/opt/homebrew/Cellar/gcc/14.2.0/bin/../lib/gcc/current/gcc/:/opt/homebrew/Cellar/gcc/14.2.0/bin/../lib/gcc/current/gcc/aarch64-apple-darwin22/14/../../../]
  ignore line: [COLLECT_GCC_OPTIONS='-fdiagnostics-color=always' '-I' '/Applications/CLion.app/Contents/bin/cmake/mac/share/cmake-3.25/Modules' '-isysroot' '/Library/Developer/CommandLineTools/SDKs/MacOSX13.3.sdk' '-v' '-fpreprocessed' '-c' '-o' 'CMakeFiles/cmTC_88210.dir/CMakeFortranCompilerABI.F90.o' '-mmacosx-version-min=13.2'  '-nodefaultexport' '-mcpu=apple-m1' '-mlittle-endian' '-mabi=lp64' '-dumpdir' 'CMakeFiles/cmTC_88210.dir/CMakeFortranCompilerABI.F90.']
  ignore line: [[4/4] Linking Fortran executable cmTC_88210]
  ignore line: [Driving: /opt/homebrew/bin/gfortran -v -Wl -v -isysroot /Library/Developer/CommandLineTools/SDKs/MacOSX13.3.sdk CMakeFiles/cmTC_88210.dir/CMakeFortranCompilerABI.F90.o -o cmTC_88210 -mmacosx-version-min=13.2 -asm_macosx_version_min=13.2 -nodefaultexport -l gfortran]
  ignore line: [Using built-in specs.]
  ignore line: [COLLECT_GCC=/opt/homebrew/bin/gfortran]
  ignore line: [COLLECT_LTO_WRAPPER=/opt/homebrew/Cellar/gcc/14.2.0/bin/../libexec/gcc/aarch64-apple-darwin22/14/lto-wrapper]
  ignore line: [Target: aarch64-apple-darwin22]
  ignore line: [Configured with: ../configure --prefix=/opt/homebrew/opt/gcc --libdir=/opt/homebrew/opt/gcc/lib/gcc/current --disable-nls --enable-checking=release --with-gcc-major-version-only --enable-languages=c c++ objc obj-c++ fortran m2 --program-suffix=-14 --with-gmp=/opt/homebrew/opt/gmp --with-mpfr=/opt/homebrew/opt/mpfr --with-mpc=/opt/homebrew/opt/libmpc --with-isl=/opt/homebrew/opt/isl --with-zstd=/opt/homebrew/opt/zstd --with-pkgversion='Homebrew GCC 14.2.0' --with-bugurl=https://github.com/Homebrew/homebrew-core/issues --with-system-zlib --build=aarch64-apple-darwin22 --with-sysroot=/Library/Developer/CommandLineTools/SDKs/MacOSX13.sdk]
  ignore line: [Thread model: posix]
  ignore line: [Supported LTO compression algorithms: zlib zstd]
  ignore line: [gcc version 14.2.0 (Homebrew GCC 14.2.0) ]
  ignore line: [Reading specs from /opt/homebrew/Cellar/gcc/14.2.0/bin/../lib/gcc/current/gcc/aarch64-apple-darwin22/14/../../../libgfortran.spec]
  ignore line: [rename spec lib to liborig]
  ignore line: [COLLECT_GCC_OPTIONS='-v' '-isysroot' '/Library/Developer/CommandLineTools/SDKs/MacOSX13.3.sdk' '-o' 'cmTC_88210' '-mmacosx-version-min=13.2' '-asm_macosx_version_min=13.2' '-nodefaultexport' '-mcpu=apple-m1' '-mlittle-endian' '-mabi=lp64' '-dumpdir' 'cmTC_88210-']
  ignore line: [COMPILER_PATH=/opt/homebrew/Cellar/gcc/14.2.0/bin/../libexec/gcc/aarch64-apple-darwin22/14/:/opt/homebrew/Cellar/gcc/14.2.0/bin/../libexec/gcc/]
  ignore line: [LIBRARY_PATH=/opt/homebrew/Cellar/gcc/14.2.0/bin/../lib/gcc/current/gcc/aarch64-apple-darwin22/14/:/opt/homebrew/Cellar/gcc/14.2.0/bin/../lib/gcc/current/gcc/:/opt/homebrew/Cellar/gcc/14.2.0/bin/../lib/gcc/current/gcc/aarch64-apple-darwin22/14/../../../]
  ignore line: [COLLECT_GCC_OPTIONS='-v' '-isysroot' '/Library/Developer/CommandLineTools/SDKs/MacOSX13.3.sdk' '-o' 'cmTC_88210' '-mmacosx-version-min=13.2' '-asm_macosx_version_min=13.2' '-nodefaultexport' '-mcpu=apple-m1' '-mlittle-endian' '-mabi=lp64' '-dumpdir' 'cmTC_88210.']
  link line: [ /opt/homebrew/Cellar/gcc/14.2.0/bin/../libexec/gcc/aarch64-apple-darwin22/14/collect2 -demangle -dynamic -arch arm64 -syslibroot /Library/Developer/CommandLineTools/SDKs/MacOSX13.3.sdk -platform_version macos 13.2 0.0 -o cmTC_88210 -L/opt/homebrew/Cellar/gcc/14.2.0/bin/../lib/gcc/current/gcc/aarch64-apple-darwin22/14 -L/opt/homebrew/Cellar/gcc/14.2.0/bin/../lib/gcc/current/gcc -L/opt/homebrew/Cellar/gcc/14.2.0/bin/../lib/gcc/current/gcc/aarch64-apple-darwin22/14/../../.. -lemutls_w -lheapt_w -v CMakeFiles/cmTC_88210.dir/CMakeFortranCompilerABI.F90.o -lgfortran -lgcc -lquadmath -lSystem -no_compact_unwind -rpath @loader_path -rpath /opt/homebrew/Cellar/gcc/14.2.0/lib/gcc/current/gcc/aarch64-apple-darwin22/14 -rpath /opt/homebrew/Cellar/gcc/14.2.0/lib/gcc/current/gcc -rpath /opt/homebrew/Cellar/gcc/14.2.0/lib/gcc/current]
    arg [/opt/homebrew/Cellar/gcc/14.2.0/bin/../libexec/gcc/aarch64-apple-darwin22/14/collect2] ==> ignore
    arg [-demangle] ==> ignore
    arg [-dynamic] ==> ignore
    arg [-arch] ==> ignore
    arg [arm64] ==> ignore
    arg [-syslibroot] ==> ignore
    arg [/Library/Developer/CommandLineTools/SDKs/MacOSX13.3.sdk] ==> ignore
    arg [-platform_version] ==> ignore
    arg [macos] ==> ignore
    arg [13.2] ==> ignore
    arg [0.0] ==> ignore
    arg [-o] ==> ignore
    arg [cmTC_88210] ==> ignore
    arg [-L/opt/homebrew/Cellar/gcc/14.2.0/bin/../lib/gcc/current/gcc/aarch64-apple-darwin22/14] ==> dir [/opt/homebrew/Cellar/gcc/14.2.0/bin/../lib/gcc/current/gcc/aarch64-apple-darwin22/14]
    arg [-L/opt/homebrew/Cellar/gcc/14.2.0/bin/../lib/gcc/current/gcc] ==> dir [/opt/homebrew/Cellar/gcc/14.2.0/bin/../lib/gcc/current/gcc]
    arg [-L/opt/homebrew/Cellar/gcc/14.2.0/bin/../lib/gcc/current/gcc/aarch64-apple-darwin22/14/../../..] ==> dir [/opt/homebrew/Cellar/gcc/14.2.0/bin/../lib/gcc/current/gcc/aarch64-apple-darwin22/14/../../..]
    arg [-lemutls_w] ==> lib [emutls_w]
    arg [-lheapt_w] ==> lib [heapt_w]
    arg [-v] ==> ignore
    arg [CMakeFiles/cmTC_88210.dir/CMakeFortranCompilerABI.F90.o] ==> ignore
    arg [-lgfortran] ==> lib [gfortran]
    arg [-lgcc] ==> lib [gcc]
    arg [-lquadmath] ==> lib [quadmath]
    arg [-lSystem] ==> lib [System]
    arg [-no_compact_unwind] ==> ignore
    arg [-rpath] ==> ignore
    arg [@loader_path] ==> ignore
    arg [-rpath] ==> ignore
    arg [/opt/homebrew/Cellar/gcc/14.2.0/lib/gcc/current/gcc/aarch64-apple-darwin22/14] ==> ignore
    arg [-rpath] ==> ignore
    arg [/opt/homebrew/Cellar/gcc/14.2.0/lib/gcc/current/gcc] ==> ignore
    arg [-rpath] ==> ignore
    arg [/opt/homebrew/Cellar/gcc/14.2.0/lib/gcc/current] ==> ignore
  Library search paths: [;/opt/homebrew/Cellar/gcc/14.2.0/lib/gcc/current/gcc/aarch64-apple-darwin22/14;/opt/homebrew/Cellar/gcc/14.2.0/lib/gcc/current/gcc;/opt/homebrew/Cellar/gcc/14.2.0/lib/gcc/current;/Library/Developer/CommandLineTools/SDKs/MacOSX13.3.sdk/usr/lib]
  Framework search paths: [;/Library/Developer/CommandLineTools/SDKs/MacOSX13.3.sdk/System/Library/Frameworks/]
  remove lib [System]
  collapse library dir [/opt/homebrew/Cellar/gcc/14.2.0/bin/../lib/gcc/current/gcc/aarch64-apple-darwin22/14] ==> [/opt/homebrew/Cellar/gcc/14.2.0/lib/gcc/current/gcc/aarch64-apple-darwin22/14]
  collapse library dir [/opt/homebrew/Cellar/gcc/14.2.0/bin/../lib/gcc/current/gcc] ==> [/opt/homebrew/Cellar/gcc/14.2.0/lib/gcc/current/gcc]
  collapse library dir [/opt/homebrew/Cellar/gcc/14.2.0/bin/../lib/gcc/current/gcc/aarch64-apple-darwin22/14/../../..] ==> [/opt/homebrew/Cellar/gcc/14.2.0/lib/gcc/current]
  collapse library dir [/opt/homebrew/Cellar/gcc/14.2.0/lib/gcc/current/gcc/aarch64-apple-darwin22/14] ==> [/opt/homebrew/Cellar/gcc/14.2.0/lib/gcc/current/gcc/aarch64-apple-darwin22/14]
  collapse library dir [/opt/homebrew/Cellar/gcc/14.2.0/lib/gcc/current/gcc] ==> [/opt/homebrew/Cellar/gcc/14.2.0/lib/gcc/current/gcc]
  collapse library dir [/opt/homebrew/Cellar/gcc/14.2.0/lib/gcc/current] ==> [/opt/homebrew/Cellar/gcc/14.2.0/lib/gcc/current]
  collapse library dir [/Library/Developer/CommandLineTools/SDKs/MacOSX13.3.sdk/usr/lib] ==> [/Library/Developer/CommandLineTools/SDKs/MacOSX13.3.sdk/usr/lib]
  collapse framework dir [/Library/Developer/CommandLineTools/SDKs/MacOSX13.3.sdk/System/Library/Frameworks/] ==> [/Library/Developer/CommandLineTools/SDKs/MacOSX13.3.sdk/System/Library/Frameworks]
  implicit libs: [emutls_w;heapt_w;gfortran;gcc;quadmath]
  implicit objs: []
  implicit dirs: [/opt/homebrew/Cellar/gcc/14.2.0/lib/gcc/current/gcc/aarch64-apple-darwin22/14;/opt/homebrew/Cellar/gcc/14.2.0/lib/gcc/current/gcc;/opt/homebrew/Cellar/gcc/14.2.0/lib/gcc/current;/Library/Developer/CommandLineTools/SDKs/MacOSX13.3.sdk/usr/lib]
  implicit fwks: [/Library/Developer/CommandLineTools/SDKs/MacOSX13.3.sdk/System/Library/Frameworks]


Performing C SOURCE FILE Test test_option succeeded with the following output:
Change Dir: /Users/lyuda/LIBEFP/libefp_torch_skp_Oct20/cmake-build-debug/CMakeFiles/CMakeScratch/TryCompile-TEJWFw

Run Build Command(s):/Applications/CLion.app/Contents/bin/ninja/mac/ninja cmTC_939ce && [1/2] Building C object CMakeFiles/cmTC_939ce.dir/src.c.o
[2/2] Linking C executable cmTC_939ce


Source file was:
int main(void) { return 0; }

Performing C++ SOURCE FILE Test test_option succeeded with the following output:
Change Dir: /Users/lyuda/LIBEFP/libefp_torch_skp_Oct20/cmake-build-debug/CMakeFiles/CMakeScratch/TryCompile-vKU8Gf

Run Build Command(s):/Applications/CLion.app/Contents/bin/ninja/mac/ninja cmTC_6d9f7 && [1/2] Building CXX object CMakeFiles/cmTC_6d9f7.dir/src.cxx.o
[2/2] Linking CXX executable cmTC_6d9f7


Source file was:
int main() { return 0; }

Performing C SOURCE FILE Test test_option succeeded with the following output:
Change Dir: /Users/lyuda/LIBEFP/libefp_torch_skp_Oct20/cmake-build-debug/CMakeFiles/CMakeScratch/TryCompile-DKCeEG

Run Build Command(s):/Applications/CLion.app/Contents/bin/ninja/mac/ninja cmTC_313e5 && [1/2] Building C object CMakeFiles/cmTC_313e5.dir/src.c.o
[2/2] Linking C executable cmTC_313e5


Source file was:
int main(void) { return 0; }

Performing C++ SOURCE FILE Test test_option succeeded with the following output:
Change Dir: /Users/lyuda/LIBEFP/libefp_torch_skp_Oct20/cmake-build-debug/CMakeFiles/CMakeScratch/TryCompile-lPNNMQ

Run Build Command(s):/Applications/CLion.app/Contents/bin/ninja/mac/ninja cmTC_1fc8a && [1/2] Building CXX object CMakeFiles/cmTC_1fc8a.dir/src.cxx.o
[2/2] Linking CXX executable cmTC_1fc8a


Source file was:
int main() { return 0; }

Performing C SOURCE FILE Test test_option succeeded with the following output:
Change Dir: /Users/lyuda/LIBEFP/libefp_torch_skp_Oct20/cmake-build-debug/CMakeFiles/CMakeScratch/TryCompile-Amzw46

Run Build Command(s):/Applications/CLion.app/Contents/bin/ninja/mac/ninja cmTC_c82bb && [1/2] Building C object CMakeFiles/cmTC_c82bb.dir/src.c.o
[2/2] Linking C executable cmTC_c82bb


Source file was:
int main(void) { return 0; }

Performing C++ SOURCE FILE Test test_option succeeded with the following output:
Change Dir: /Users/lyuda/LIBEFP/libefp_torch_skp_Oct20/cmake-build-debug/CMakeFiles/CMakeScratch/TryCompile-iM2Yep

Run Build Command(s):/Applications/CLion.app/Contents/bin/ninja/mac/ninja cmTC_54c78 && [1/2] Building CXX object CMakeFiles/cmTC_54c78.dir/src.cxx.o
[2/2] Linking CXX executable cmTC_54c78


Source file was:
int main() { return 0; }

