Building without Torch integration...
-- Compiling without Torch functionality
-- The C compiler identification is Clang 19.1.7
-- The CXX compiler identification is Clang 19.1.7
-- Detecting C compiler ABI info
-- Detecting C compiler ABI info - done
-- Check for working C compiler: /Users/lyuda/anaconda3/envs/psi4_2026/bin/arm64-apple-darwin20.0.0-clang - skipped
-- Detecting C compile features
-- Detecting C compile features - done
-- Detecting CXX compiler ABI info
-- Detecting CXX compiler ABI info - done
-- Check for working CXX compiler: /Users/lyuda/anaconda3/envs/psi4_2026/bin/arm64-apple-darwin20.0.0-clang++ - skipped
-- Detecting CXX compile features
-- Detecting CXX compile features - done
-- Setting (unspecified) option CMAKE_BUILD_TYPE: Release
-- Setting (unspecified) option BUILD_SHARED_LIBS: OFF
-- Setting (unspecified) option BUILD_FPIC: ON
-- Setting (unspecified) option LIBEFP_ENABLE_OPENMP: ON
-- Setting (unspecified) option ENABLE_GENERIC: OFF
-- Setting (unspecified) option FRAGLIB_UNDERSCORE_L: ON
-- Setting (unspecified) option FRAGLIB_DEEP: ON
-- Setting (unspecified) option INSTALL_DEVEL_HEADERS: OFF
-- Setting (unspecified) option LIBEFP_CMAKECONFIG_INSTALL_DIR: share/cmake/libefp
-- Setting (unspecified) option LIBEFP_ENABLE_EFPMD: ON
-- Setting (unspecified) option PYMOD_INSTALL_LIBDIR: /
-- Setting (unspecified) option LIBEFP_ENABLE_PYTHON: OFF
-- Found OpenMP_C: -fopenmp=libomp (found version "5.1")
-- Found OpenMP: TRUE (found version "5.1") found components: C
-- TargetLAPACKConfig detected.
CMake Warning (dev) at /Users/lyuda/anaconda3/envs/psi4_2026/share/cmake-4.3/Modules/FindPackageHandleStandardArgs.cmake:493 (message):
  The package name passed to find_package_handle_standard_args() (MathOpenMP)
  does not match the name of the calling package (TargetLAPACK).  This can
  lead to problems in calling code that expects find_package() result
  variables (e.g., `_FOUND`) to follow a certain pattern.
Call Stack (most recent call first):
  cmake/FindTargetLAPACK.cmake:73 (find_package_handle_standard_args)
  CMakeLists.txt:144 (find_package)
This warning is for project developers.  Use -Wno-dev to suppress it.

-- Found MathOpenMP: Found LAPACK: /Users/lyuda/anaconda3/envs/psi4_2026/lib/liblapack.dylib;/Users/lyuda/anaconda3/envs/psi4_2026/lib/libblas.dylib;
-- The Fortran compiler identification is GNU 13.3.0
-- Checking whether Fortran compiler has -isysroot
-- Checking whether Fortran compiler has -isysroot - yes
-- Checking whether Fortran compiler supports OSX deployment target flag
-- Checking whether Fortran compiler supports OSX deployment target flag - yes
-- Detecting Fortran compiler ABI info
-- Detecting Fortran compiler ABI info - done
-- Check for working Fortran compiler: /Users/lyuda/anaconda3/envs/libefp-dev/bin/arm64-apple-darwin20.0.0-gfortran - skipped
-- Torch integration disabled.
-- Configuring done (2.0s)
-- Generating done (0.0s)
-- Build files have been written to: /Users/lyuda/LIBEFP/libefp_2026/build
/Users/lyuda/anaconda3/envs/psi4_2026/bin/cmake -S/Users/lyuda/LIBEFP/libefp_2026 -B/Users/lyuda/LIBEFP/libefp_2026/build --check-build-system CMakeFiles/Makefile.cmake 0
/Users/lyuda/anaconda3/envs/psi4_2026/bin/cmake -E cmake_progress_start /Users/lyuda/LIBEFP/libefp_2026/build/CMakeFiles /Users/lyuda/LIBEFP/libefp_2026/build//CMakeFiles/progress.marks
/Applications/Xcode.app/Contents/Developer/usr/bin/make  -f CMakeFiles/Makefile2 all
/Applications/Xcode.app/Contents/Developer/usr/bin/make  -f CMakeFiles/efp.dir/build.make CMakeFiles/efp.dir/depend
cd /Users/lyuda/LIBEFP/libefp_2026/build && /Users/lyuda/anaconda3/envs/psi4_2026/bin/cmake -E cmake_depends "Unix Makefiles" /Users/lyuda/LIBEFP/libefp_2026 /Users/lyuda/LIBEFP/libefp_2026 /Users/lyuda/LIBEFP/libefp_2026/build /Users/lyuda/LIBEFP/libefp_2026/build /Users/lyuda/LIBEFP/libefp_2026/build/CMakeFiles/efp.dir/DependInfo.cmake "--color=" efp
/Applications/Xcode.app/Contents/Developer/usr/bin/make  -f CMakeFiles/efp.dir/build.make CMakeFiles/efp.dir/build
[  2%] Building C object CMakeFiles/efp.dir/src/aidisp.c.o
/Users/lyuda/anaconda3/envs/psi4_2026/bin/arm64-apple-darwin20.0.0-clang   -ftree-vectorize -fPIC -fstack-protector-strong -O2 -pipe -isystem /Users/lyuda/anaconda3/envs/psi4_2026/include -ftree-vectorize -fPIC -fstack-protector-strong -O2 -pipe -isystem /Users/lyuda/anaconda3/envs/libefp-dev/include -ftree-vectorize -fPIC -fstack-protector-strong -O2 -pipe -isystem /Users/lyuda/anaconda3/envs/libefp-dev/include -O3 -DNDEBUG -std=c99 -arch arm64 -isysroot /Applications/Xcode.app/Contents/Developer/Platforms/MacOSX.platform/Developer/SDKs/MacOSX.sdk -fPIC -fopenmp=libomp -MD -MT CMakeFiles/efp.dir/src/aidisp.c.o -MF CMakeFiles/efp.dir/src/aidisp.c.o.d -o CMakeFiles/efp.dir/src/aidisp.c.o -c /Users/lyuda/LIBEFP/libefp_2026/src/aidisp.c
[  5%] Building C object CMakeFiles/efp.dir/src/balance.c.o
/Users/lyuda/anaconda3/envs/psi4_2026/bin/arm64-apple-darwin20.0.0-clang   -ftree-vectorize -fPIC -fstack-protector-strong -O2 -pipe -isystem /Users/lyuda/anaconda3/envs/psi4_2026/include -ftree-vectorize -fPIC -fstack-protector-strong -O2 -pipe -isystem /Users/lyuda/anaconda3/envs/libefp-dev/include -ftree-vectorize -fPIC -fstack-protector-strong -O2 -pipe -isystem /Users/lyuda/anaconda3/envs/libefp-dev/include -O3 -DNDEBUG -std=c99 -arch arm64 -isysroot /Applications/Xcode.app/Contents/Developer/Platforms/MacOSX.platform/Developer/SDKs/MacOSX.sdk -fPIC -fopenmp=libomp -MD -MT CMakeFiles/efp.dir/src/balance.c.o -MF CMakeFiles/efp.dir/src/balance.c.o.d -o CMakeFiles/efp.dir/src/balance.c.o -c /Users/lyuda/LIBEFP/libefp_2026/src/balance.c
[  7%] Building C object CMakeFiles/efp.dir/src/clapack.c.o
/Users/lyuda/anaconda3/envs/psi4_2026/bin/arm64-apple-darwin20.0.0-clang   -ftree-vectorize -fPIC -fstack-protector-strong -O2 -pipe -isystem /Users/lyuda/anaconda3/envs/psi4_2026/include -ftree-vectorize -fPIC -fstack-protector-strong -O2 -pipe -isystem /Users/lyuda/anaconda3/envs/libefp-dev/include -ftree-vectorize -fPIC -fstack-protector-strong -O2 -pipe -isystem /Users/lyuda/anaconda3/envs/libefp-dev/include -O3 -DNDEBUG -std=c99 -arch arm64 -isysroot /Applications/Xcode.app/Contents/Developer/Platforms/MacOSX.platform/Developer/SDKs/MacOSX.sdk -fPIC -fopenmp=libomp -MD -MT CMakeFiles/efp.dir/src/clapack.c.o -MF CMakeFiles/efp.dir/src/clapack.c.o.d -o CMakeFiles/efp.dir/src/clapack.c.o -c /Users/lyuda/LIBEFP/libefp_2026/src/clapack.c
[ 10%] Building C object CMakeFiles/efp.dir/src/disp.c.o
/Users/lyuda/anaconda3/envs/psi4_2026/bin/arm64-apple-darwin20.0.0-clang   -ftree-vectorize -fPIC -fstack-protector-strong -O2 -pipe -isystem /Users/lyuda/anaconda3/envs/psi4_2026/include -ftree-vectorize -fPIC -fstack-protector-strong -O2 -pipe -isystem /Users/lyuda/anaconda3/envs/libefp-dev/include -ftree-vectorize -fPIC -fstack-protector-strong -O2 -pipe -isystem /Users/lyuda/anaconda3/envs/libefp-dev/include -O3 -DNDEBUG -std=c99 -arch arm64 -isysroot /Applications/Xcode.app/Contents/Developer/Platforms/MacOSX.platform/Developer/SDKs/MacOSX.sdk -fPIC -fopenmp=libomp -MD -MT CMakeFiles/efp.dir/src/disp.c.o -MF CMakeFiles/efp.dir/src/disp.c.o.d -o CMakeFiles/efp.dir/src/disp.c.o -c /Users/lyuda/LIBEFP/libefp_2026/src/disp.c
[ 13%] Building C object CMakeFiles/efp.dir/src/efp.c.o
/Users/lyuda/anaconda3/envs/psi4_2026/bin/arm64-apple-darwin20.0.0-clang   -ftree-vectorize -fPIC -fstack-protector-strong -O2 -pipe -isystem /Users/lyuda/anaconda3/envs/psi4_2026/include -ftree-vectorize -fPIC -fstack-protector-strong -O2 -pipe -isystem /Users/lyuda/anaconda3/envs/libefp-dev/include -ftree-vectorize -fPIC -fstack-protector-strong -O2 -pipe -isystem /Users/lyuda/anaconda3/envs/libefp-dev/include -O3 -DNDEBUG -std=c99 -arch arm64 -isysroot /Applications/Xcode.app/Contents/Developer/Platforms/MacOSX.platform/Developer/SDKs/MacOSX.sdk -fPIC -fopenmp=libomp -MD -MT CMakeFiles/efp.dir/src/efp.c.o -MF CMakeFiles/efp.dir/src/efp.c.o.d -o CMakeFiles/efp.dir/src/efp.c.o -c /Users/lyuda/LIBEFP/libefp_2026/src/efp.c
[ 15%] Building C object CMakeFiles/efp.dir/src/elec.c.o
/Users/lyuda/anaconda3/envs/psi4_2026/bin/arm64-apple-darwin20.0.0-clang   -ftree-vectorize -fPIC -fstack-protector-strong -O2 -pipe -isystem /Users/lyuda/anaconda3/envs/psi4_2026/include -ftree-vectorize -fPIC -fstack-protector-strong -O2 -pipe -isystem /Users/lyuda/anaconda3/envs/libefp-dev/include -ftree-vectorize -fPIC -fstack-protector-strong -O2 -pipe -isystem /Users/lyuda/anaconda3/envs/libefp-dev/include -O3 -DNDEBUG -std=c99 -arch arm64 -isysroot /Applications/Xcode.app/Contents/Developer/Platforms/MacOSX.platform/Developer/SDKs/MacOSX.sdk -fPIC -fopenmp=libomp -MD -MT CMakeFiles/efp.dir/src/elec.c.o -MF CMakeFiles/efp.dir/src/elec.c.o.d -o CMakeFiles/efp.dir/src/elec.c.o -c /Users/lyuda/LIBEFP/libefp_2026/src/elec.c
[ 18%] Building C object CMakeFiles/efp.dir/src/electerms.c.o
/Users/lyuda/anaconda3/envs/psi4_2026/bin/arm64-apple-darwin20.0.0-clang   -ftree-vectorize -fPIC -fstack-protector-strong -O2 -pipe -isystem /Users/lyuda/anaconda3/envs/psi4_2026/include -ftree-vectorize -fPIC -fstack-protector-strong -O2 -pipe -isystem /Users/lyuda/anaconda3/envs/libefp-dev/include -ftree-vectorize -fPIC -fstack-protector-strong -O2 -pipe -isystem /Users/lyuda/anaconda3/envs/libefp-dev/include -O3 -DNDEBUG -std=c99 -arch arm64 -isysroot /Applications/Xcode.app/Contents/Developer/Platforms/MacOSX.platform/Developer/SDKs/MacOSX.sdk -fPIC -fopenmp=libomp -MD -MT CMakeFiles/efp.dir/src/electerms.c.o -MF CMakeFiles/efp.dir/src/electerms.c.o.d -o CMakeFiles/efp.dir/src/electerms.c.o -c /Users/lyuda/LIBEFP/libefp_2026/src/electerms.c
[ 21%] Building C object CMakeFiles/efp.dir/src/int.c.o
/Users/lyuda/anaconda3/envs/psi4_2026/bin/arm64-apple-darwin20.0.0-clang   -ftree-vectorize -fPIC -fstack-protector-strong -O2 -pipe -isystem /Users/lyuda/anaconda3/envs/psi4_2026/include -ftree-vectorize -fPIC -fstack-protector-strong -O2 -pipe -isystem /Users/lyuda/anaconda3/envs/libefp-dev/include -ftree-vectorize -fPIC -fstack-protector-strong -O2 -pipe -isystem /Users/lyuda/anaconda3/envs/libefp-dev/include -O3 -DNDEBUG -std=c99 -arch arm64 -isysroot /Applications/Xcode.app/Contents/Developer/Platforms/MacOSX.platform/Developer/SDKs/MacOSX.sdk -fPIC -fopenmp=libomp -MD -MT CMakeFiles/efp.dir/src/int.c.o -MF CMakeFiles/efp.dir/src/int.c.o.d -o CMakeFiles/efp.dir/src/int.c.o -c /Users/lyuda/LIBEFP/libefp_2026/src/int.c
[ 23%] Building C object CMakeFiles/efp.dir/src/log.c.o
/Users/lyuda/anaconda3/envs/psi4_2026/bin/arm64-apple-darwin20.0.0-clang   -ftree-vectorize -fPIC -fstack-protector-strong -O2 -pipe -isystem /Users/lyuda/anaconda3/envs/psi4_2026/include -ftree-vectorize -fPIC -fstack-protector-strong -O2 -pipe -isystem /Users/lyuda/anaconda3/envs/libefp-dev/include -ftree-vectorize -fPIC -fstack-protector-strong -O2 -pipe -isystem /Users/lyuda/anaconda3/envs/libefp-dev/include -O3 -DNDEBUG -std=c99 -arch arm64 -isysroot /Applications/Xcode.app/Contents/Developer/Platforms/MacOSX.platform/Developer/SDKs/MacOSX.sdk -fPIC -fopenmp=libomp -MD -MT CMakeFiles/efp.dir/src/log.c.o -MF CMakeFiles/efp.dir/src/log.c.o.d -o CMakeFiles/efp.dir/src/log.c.o -c /Users/lyuda/LIBEFP/libefp_2026/src/log.c
[ 26%] Building C object CMakeFiles/efp.dir/src/parse.c.o
/Users/lyuda/anaconda3/envs/psi4_2026/bin/arm64-apple-darwin20.0.0-clang   -ftree-vectorize -fPIC -fstack-protector-strong -O2 -pipe -isystem /Users/lyuda/anaconda3/envs/psi4_2026/include -ftree-vectorize -fPIC -fstack-protector-strong -O2 -pipe -isystem /Users/lyuda/anaconda3/envs/libefp-dev/include -ftree-vectorize -fPIC -fstack-protector-strong -O2 -pipe -isystem /Users/lyuda/anaconda3/envs/libefp-dev/include -O3 -DNDEBUG -std=c99 -arch arm64 -isysroot /Applications/Xcode.app/Contents/Developer/Platforms/MacOSX.platform/Developer/SDKs/MacOSX.sdk -fPIC -fopenmp=libomp -MD -MT CMakeFiles/efp.dir/src/parse.c.o -MF CMakeFiles/efp.dir/src/parse.c.o.d -o CMakeFiles/efp.dir/src/parse.c.o -c /Users/lyuda/LIBEFP/libefp_2026/src/parse.c
[ 28%] Building C object CMakeFiles/efp.dir/src/pol.c.o
/Users/lyuda/anaconda3/envs/psi4_2026/bin/arm64-apple-darwin20.0.0-clang   -ftree-vectorize -fPIC -fstack-protector-strong -O2 -pipe -isystem /Users/lyuda/anaconda3/envs/psi4_2026/include -ftree-vectorize -fPIC -fstack-protector-strong -O2 -pipe -isystem /Users/lyuda/anaconda3/envs/libefp-dev/include -ftree-vectorize -fPIC -fstack-protector-strong -O2 -pipe -isystem /Users/lyuda/anaconda3/envs/libefp-dev/include -O3 -DNDEBUG -std=c99 -arch arm64 -isysroot /Applications/Xcode.app/Contents/Developer/Platforms/MacOSX.platform/Developer/SDKs/MacOSX.sdk -fPIC -fopenmp=libomp -MD -MT CMakeFiles/efp.dir/src/pol.c.o -MF CMakeFiles/efp.dir/src/pol.c.o.d -o CMakeFiles/efp.dir/src/pol.c.o -c /Users/lyuda/LIBEFP/libefp_2026/src/pol.c
[ 31%] Building C object CMakeFiles/efp.dir/src/poldirect.c.o
/Users/lyuda/anaconda3/envs/psi4_2026/bin/arm64-apple-darwin20.0.0-clang   -ftree-vectorize -fPIC -fstack-protector-strong -O2 -pipe -isystem /Users/lyuda/anaconda3/envs/psi4_2026/include -ftree-vectorize -fPIC -fstack-protector-strong -O2 -pipe -isystem /Users/lyuda/anaconda3/envs/libefp-dev/include -ftree-vectorize -fPIC -fstack-protector-strong -O2 -pipe -isystem /Users/lyuda/anaconda3/envs/libefp-dev/include -O3 -DNDEBUG -std=c99 -arch arm64 -isysroot /Applications/Xcode.app/Contents/Developer/Platforms/MacOSX.platform/Developer/SDKs/MacOSX.sdk -fPIC -fopenmp=libomp -MD -MT CMakeFiles/efp.dir/src/poldirect.c.o -MF CMakeFiles/efp.dir/src/poldirect.c.o.d -o CMakeFiles/efp.dir/src/poldirect.c.o -c /Users/lyuda/LIBEFP/libefp_2026/src/poldirect.c
[ 34%] Building C object CMakeFiles/efp.dir/src/stream.c.o
/Users/lyuda/anaconda3/envs/psi4_2026/bin/arm64-apple-darwin20.0.0-clang   -ftree-vectorize -fPIC -fstack-protector-strong -O2 -pipe -isystem /Users/lyuda/anaconda3/envs/psi4_2026/include -ftree-vectorize -fPIC -fstack-protector-strong -O2 -pipe -isystem /Users/lyuda/anaconda3/envs/libefp-dev/include -ftree-vectorize -fPIC -fstack-protector-strong -O2 -pipe -isystem /Users/lyuda/anaconda3/envs/libefp-dev/include -O3 -DNDEBUG -std=c99 -arch arm64 -isysroot /Applications/Xcode.app/Contents/Developer/Platforms/MacOSX.platform/Developer/SDKs/MacOSX.sdk -fPIC -fopenmp=libomp -MD -MT CMakeFiles/efp.dir/src/stream.c.o -MF CMakeFiles/efp.dir/src/stream.c.o.d -o CMakeFiles/efp.dir/src/stream.c.o -c /Users/lyuda/LIBEFP/libefp_2026/src/stream.c
[ 36%] Building C object CMakeFiles/efp.dir/src/swf.c.o
/Users/lyuda/anaconda3/envs/psi4_2026/bin/arm64-apple-darwin20.0.0-clang   -ftree-vectorize -fPIC -fstack-protector-strong -O2 -pipe -isystem /Users/lyuda/anaconda3/envs/psi4_2026/include -ftree-vectorize -fPIC -fstack-protector-strong -O2 -pipe -isystem /Users/lyuda/anaconda3/envs/libefp-dev/include -ftree-vectorize -fPIC -fstack-protector-strong -O2 -pipe -isystem /Users/lyuda/anaconda3/envs/libefp-dev/include -O3 -DNDEBUG -std=c99 -arch arm64 -isysroot /Applications/Xcode.app/Contents/Developer/Platforms/MacOSX.platform/Developer/SDKs/MacOSX.sdk -fPIC -fopenmp=libomp -MD -MT CMakeFiles/efp.dir/src/swf.c.o -MF CMakeFiles/efp.dir/src/swf.c.o.d -o CMakeFiles/efp.dir/src/swf.c.o -c /Users/lyuda/LIBEFP/libefp_2026/src/swf.c
[ 39%] Building C object CMakeFiles/efp.dir/src/util.c.o
/Users/lyuda/anaconda3/envs/psi4_2026/bin/arm64-apple-darwin20.0.0-clang   -ftree-vectorize -fPIC -fstack-protector-strong -O2 -pipe -isystem /Users/lyuda/anaconda3/envs/psi4_2026/include -ftree-vectorize -fPIC -fstack-protector-strong -O2 -pipe -isystem /Users/lyuda/anaconda3/envs/libefp-dev/include -ftree-vectorize -fPIC -fstack-protector-strong -O2 -pipe -isystem /Users/lyuda/anaconda3/envs/libefp-dev/include -O3 -DNDEBUG -std=c99 -arch arm64 -isysroot /Applications/Xcode.app/Contents/Developer/Platforms/MacOSX.platform/Developer/SDKs/MacOSX.sdk -fPIC -fopenmp=libomp -MD -MT CMakeFiles/efp.dir/src/util.c.o -MF CMakeFiles/efp.dir/src/util.c.o.d -o CMakeFiles/efp.dir/src/util.c.o -c /Users/lyuda/LIBEFP/libefp_2026/src/util.c
[ 42%] Building C object CMakeFiles/efp.dir/src/xr.c.o
/Users/lyuda/anaconda3/envs/psi4_2026/bin/arm64-apple-darwin20.0.0-clang   -ftree-vectorize -fPIC -fstack-protector-strong -O2 -pipe -isystem /Users/lyuda/anaconda3/envs/psi4_2026/include -ftree-vectorize -fPIC -fstack-protector-strong -O2 -pipe -isystem /Users/lyuda/anaconda3/envs/libefp-dev/include -ftree-vectorize -fPIC -fstack-protector-strong -O2 -pipe -isystem /Users/lyuda/anaconda3/envs/libefp-dev/include -O3 -DNDEBUG -std=c99 -arch arm64 -isysroot /Applications/Xcode.app/Contents/Developer/Platforms/MacOSX.platform/Developer/SDKs/MacOSX.sdk -fPIC -fopenmp=libomp -MD -MT CMakeFiles/efp.dir/src/xr.c.o -MF CMakeFiles/efp.dir/src/xr.c.o.d -o CMakeFiles/efp.dir/src/xr.c.o -c /Users/lyuda/LIBEFP/libefp_2026/src/xr.c
[ 44%] Linking C static library libefp.a
/Users/lyuda/anaconda3/envs/psi4_2026/bin/cmake -P CMakeFiles/efp.dir/cmake_clean_target.cmake
/Users/lyuda/anaconda3/envs/psi4_2026/bin/cmake -E cmake_link_script CMakeFiles/efp.dir/link.txt --verbose=1
/Users/lyuda/anaconda3/envs/psi4_2026/bin/arm64-apple-darwin20.0.0-ar qc libefp.a CMakeFiles/efp.dir/src/aidisp.c.o CMakeFiles/efp.dir/src/balance.c.o CMakeFiles/efp.dir/src/clapack.c.o CMakeFiles/efp.dir/src/disp.c.o CMakeFiles/efp.dir/src/efp.c.o CMakeFiles/efp.dir/src/elec.c.o CMakeFiles/efp.dir/src/electerms.c.o CMakeFiles/efp.dir/src/int.c.o CMakeFiles/efp.dir/src/log.c.o CMakeFiles/efp.dir/src/parse.c.o CMakeFiles/efp.dir/src/pol.c.o CMakeFiles/efp.dir/src/poldirect.c.o CMakeFiles/efp.dir/src/stream.c.o CMakeFiles/efp.dir/src/swf.c.o CMakeFiles/efp.dir/src/util.c.o CMakeFiles/efp.dir/src/xr.c.o
/Users/lyuda/anaconda3/envs/psi4_2026/bin/llvm-ranlib libefp.a
[ 44%] Built target efp
/Applications/Xcode.app/Contents/Developer/usr/bin/make  -f efpmd/CMakeFiles/libff.dir/build.make efpmd/CMakeFiles/libff.dir/depend
cd /Users/lyuda/LIBEFP/libefp_2026/build && /Users/lyuda/anaconda3/envs/psi4_2026/bin/cmake -E cmake_depends "Unix Makefiles" /Users/lyuda/LIBEFP/libefp_2026 /Users/lyuda/LIBEFP/libefp_2026/efpmd /Users/lyuda/LIBEFP/libefp_2026/build /Users/lyuda/LIBEFP/libefp_2026/build/efpmd /Users/lyuda/LIBEFP/libefp_2026/build/efpmd/CMakeFiles/libff.dir/DependInfo.cmake "--color=" libff
/Applications/Xcode.app/Contents/Developer/usr/bin/make  -f efpmd/CMakeFiles/libff.dir/build.make efpmd/CMakeFiles/libff.dir/build
[ 47%] Building C object efpmd/CMakeFiles/libff.dir/libff/ff.c.o
cd /Users/lyuda/LIBEFP/libefp_2026/build/efpmd && /Users/lyuda/anaconda3/envs/psi4_2026/bin/arm64-apple-darwin20.0.0-clang   -ftree-vectorize -fPIC -fstack-protector-strong -O2 -pipe -isystem /Users/lyuda/anaconda3/envs/psi4_2026/include -ftree-vectorize -fPIC -fstack-protector-strong -O2 -pipe -isystem /Users/lyuda/anaconda3/envs/libefp-dev/include -ftree-vectorize -fPIC -fstack-protector-strong -O2 -pipe -isystem /Users/lyuda/anaconda3/envs/libefp-dev/include -O3 -DNDEBUG -arch arm64 -isysroot /Applications/Xcode.app/Contents/Developer/Platforms/MacOSX.platform/Developer/SDKs/MacOSX.sdk -fPIC -MD -MT efpmd/CMakeFiles/libff.dir/libff/ff.c.o -MF CMakeFiles/libff.dir/libff/ff.c.o.d -o CMakeFiles/libff.dir/libff/ff.c.o -c /Users/lyuda/LIBEFP/libefp_2026/efpmd/libff/ff.c
[ 47%] Built target libff
/Applications/Xcode.app/Contents/Developer/usr/bin/make  -f efpmd/CMakeFiles/libopt.dir/build.make efpmd/CMakeFiles/libopt.dir/depend
cd /Users/lyuda/LIBEFP/libefp_2026/build && /Users/lyuda/anaconda3/envs/psi4_2026/bin/cmake -E cmake_depends "Unix Makefiles" /Users/lyuda/LIBEFP/libefp_2026 /Users/lyuda/LIBEFP/libefp_2026/efpmd /Users/lyuda/LIBEFP/libefp_2026/build /Users/lyuda/LIBEFP/libefp_2026/build/efpmd /Users/lyuda/LIBEFP/libefp_2026/build/efpmd/CMakeFiles/libopt.dir/DependInfo.cmake "--color=" libopt
Dependee "/Users/lyuda/LIBEFP/libefp_2026/build/efpmd/CMakeFiles/libopt.dir/DependInfo.cmake" is newer than depender "/Users/lyuda/LIBEFP/libefp_2026/build/efpmd/CMakeFiles/libopt.dir/depend.internal".
Dependee "/Users/lyuda/LIBEFP/libefp_2026/build/efpmd/CMakeFiles/CMakeDirectoryInformation.cmake" is newer than depender "/Users/lyuda/LIBEFP/libefp_2026/build/efpmd/CMakeFiles/libopt.dir/depend.internal".
Scanning dependencies of target libopt
/Applications/Xcode.app/Contents/Developer/usr/bin/make  -f efpmd/CMakeFiles/libopt.dir/build.make efpmd/CMakeFiles/libopt.dir/build
[ 50%] Building C object efpmd/CMakeFiles/libopt.dir/libopt/opt.c.o
cd /Users/lyuda/LIBEFP/libefp_2026/build/efpmd && /Users/lyuda/anaconda3/envs/psi4_2026/bin/arm64-apple-darwin20.0.0-clang   -ftree-vectorize -fPIC -fstack-protector-strong -O2 -pipe -isystem /Users/lyuda/anaconda3/envs/psi4_2026/include -ftree-vectorize -fPIC -fstack-protector-strong -O2 -pipe -isystem /Users/lyuda/anaconda3/envs/libefp-dev/include -ftree-vectorize -fPIC -fstack-protector-strong -O2 -pipe -isystem /Users/lyuda/anaconda3/envs/libefp-dev/include -O3 -DNDEBUG -arch arm64 -isysroot /Applications/Xcode.app/Contents/Developer/Platforms/MacOSX.platform/Developer/SDKs/MacOSX.sdk -fPIC -MD -MT efpmd/CMakeFiles/libopt.dir/libopt/opt.c.o -MF CMakeFiles/libopt.dir/libopt/opt.c.o.d -o CMakeFiles/libopt.dir/libopt/opt.c.o -c /Users/lyuda/LIBEFP/libefp_2026/efpmd/libopt/opt.c
[ 52%] Building Fortran object efpmd/CMakeFiles/libopt.dir/libopt/blas.f.o
cd /Users/lyuda/LIBEFP/libefp_2026/build/efpmd && /Users/lyuda/anaconda3/envs/libefp-dev/bin/arm64-apple-darwin20.0.0-gfortran   -march=armv8.3-a -ftree-vectorize -fPIC -fno-stack-protector -O2 -pipe -isystem /Users/lyuda/anaconda3/envs/libefp-dev/include -O3 -isysroot /Applications/Xcode.app/Contents/Developer/Platforms/MacOSX.platform/Developer/SDKs/MacOSX.sdk -fPIC -c /Users/lyuda/LIBEFP/libefp_2026/efpmd/libopt/blas.f -o CMakeFiles/libopt.dir/libopt/blas.f.o
[ 55%] Building Fortran object efpmd/CMakeFiles/libopt.dir/libopt/lbfgsb.f.o
cd /Users/lyuda/LIBEFP/libefp_2026/build/efpmd && /Users/lyuda/anaconda3/envs/libefp-dev/bin/arm64-apple-darwin20.0.0-gfortran   -march=armv8.3-a -ftree-vectorize -fPIC -fno-stack-protector -O2 -pipe -isystem /Users/lyuda/anaconda3/envs/libefp-dev/include -O3 -isysroot /Applications/Xcode.app/Contents/Developer/Platforms/MacOSX.platform/Developer/SDKs/MacOSX.sdk -fPIC -c /Users/lyuda/LIBEFP/libefp_2026/efpmd/libopt/lbfgsb.f -o CMakeFiles/libopt.dir/libopt/lbfgsb.f.o
[ 57%] Building Fortran object efpmd/CMakeFiles/libopt.dir/libopt/linpack.f.o
cd /Users/lyuda/LIBEFP/libefp_2026/build/efpmd && /Users/lyuda/anaconda3/envs/libefp-dev/bin/arm64-apple-darwin20.0.0-gfortran   -march=armv8.3-a -ftree-vectorize -fPIC -fno-stack-protector -O2 -pipe -isystem /Users/lyuda/anaconda3/envs/libefp-dev/include -O3 -isysroot /Applications/Xcode.app/Contents/Developer/Platforms/MacOSX.platform/Developer/SDKs/MacOSX.sdk -fPIC -c /Users/lyuda/LIBEFP/libefp_2026/efpmd/libopt/linpack.f -o CMakeFiles/libopt.dir/libopt/linpack.f.o
[ 60%] Building Fortran object efpmd/CMakeFiles/libopt.dir/libopt/timer.f.o
cd /Users/lyuda/LIBEFP/libefp_2026/build/efpmd && /Users/lyuda/anaconda3/envs/libefp-dev/bin/arm64-apple-darwin20.0.0-gfortran   -march=armv8.3-a -ftree-vectorize -fPIC -fno-stack-protector -O2 -pipe -isystem /Users/lyuda/anaconda3/envs/libefp-dev/include -O3 -isysroot /Applications/Xcode.app/Contents/Developer/Platforms/MacOSX.platform/Developer/SDKs/MacOSX.sdk -fPIC -c /Users/lyuda/LIBEFP/libefp_2026/efpmd/libopt/timer.f -o CMakeFiles/libopt.dir/libopt/timer.f.o
[ 60%] Built target libopt
/Applications/Xcode.app/Contents/Developer/usr/bin/make  -f efpmd/CMakeFiles/efpmd.dir/build.make efpmd/CMakeFiles/efpmd.dir/depend
cd /Users/lyuda/LIBEFP/libefp_2026/build && /Users/lyuda/anaconda3/envs/psi4_2026/bin/cmake -E cmake_depends "Unix Makefiles" /Users/lyuda/LIBEFP/libefp_2026 /Users/lyuda/LIBEFP/libefp_2026/efpmd /Users/lyuda/LIBEFP/libefp_2026/build /Users/lyuda/LIBEFP/libefp_2026/build/efpmd /Users/lyuda/LIBEFP/libefp_2026/build/efpmd/CMakeFiles/efpmd.dir/DependInfo.cmake "--color=" efpmd
Dependee "/Users/lyuda/LIBEFP/libefp_2026/build/efpmd/CMakeFiles/efpmd.dir/DependInfo.cmake" is newer than depender "/Users/lyuda/LIBEFP/libefp_2026/build/efpmd/CMakeFiles/efpmd.dir/depend.internal".
Dependee "/Users/lyuda/LIBEFP/libefp_2026/build/efpmd/CMakeFiles/CMakeDirectoryInformation.cmake" is newer than depender "/Users/lyuda/LIBEFP/libefp_2026/build/efpmd/CMakeFiles/efpmd.dir/depend.internal".
Scanning dependencies of target efpmd
/Applications/Xcode.app/Contents/Developer/usr/bin/make  -f efpmd/CMakeFiles/efpmd.dir/build.make efpmd/CMakeFiles/efpmd.dir/build
[ 63%] Building C object efpmd/CMakeFiles/efpmd.dir/src/cfg.c.o
cd /Users/lyuda/LIBEFP/libefp_2026/build/efpmd && /Users/lyuda/anaconda3/envs/psi4_2026/bin/arm64-apple-darwin20.0.0-clang -DFRAGLIB_PATH=\"/../fraglib\" -DML_PATH=\"../nnlib/\" -DUSING_libefp -I/Users/lyuda/LIBEFP/libefp_2026/efpmd/libff -I/Users/lyuda/LIBEFP/libefp_2026/efpmd/libopt -I/Users/lyuda/LIBEFP/libefp_2026/efpmd/../src -ftree-vectorize -fPIC -fstack-protector-strong -O2 -pipe -isystem /Users/lyuda/anaconda3/envs/psi4_2026/include -ftree-vectorize -fPIC -fstack-protector-strong -O2 -pipe -isystem /Users/lyuda/anaconda3/envs/libefp-dev/include -ftree-vectorize -fPIC -fstack-protector-strong -O2 -pipe -isystem /Users/lyuda/anaconda3/envs/libefp-dev/include -O3 -DNDEBUG -arch arm64 -isysroot /Applications/Xcode.app/Contents/Developer/Platforms/MacOSX.platform/Developer/SDKs/MacOSX.sdk -fPIE -fopenmp=libomp -MD -MT efpmd/CMakeFiles/efpmd.dir/src/cfg.c.o -MF CMakeFiles/efpmd.dir/src/cfg.c.o.d -o CMakeFiles/efpmd.dir/src/cfg.c.o -c /Users/lyuda/LIBEFP/libefp_2026/efpmd/src/cfg.c
[ 65%] Building C object efpmd/CMakeFiles/efpmd.dir/src/common.c.o
cd /Users/lyuda/LIBEFP/libefp_2026/build/efpmd && /Users/lyuda/anaconda3/envs/psi4_2026/bin/arm64-apple-darwin20.0.0-clang -DFRAGLIB_PATH=\"/../fraglib\" -DML_PATH=\"../nnlib/\" -DUSING_libefp -I/Users/lyuda/LIBEFP/libefp_2026/efpmd/libff -I/Users/lyuda/LIBEFP/libefp_2026/efpmd/libopt -I/Users/lyuda/LIBEFP/libefp_2026/efpmd/../src -ftree-vectorize -fPIC -fstack-protector-strong -O2 -pipe -isystem /Users/lyuda/anaconda3/envs/psi4_2026/include -ftree-vectorize -fPIC -fstack-protector-strong -O2 -pipe -isystem /Users/lyuda/anaconda3/envs/libefp-dev/include -ftree-vectorize -fPIC -fstack-protector-strong -O2 -pipe -isystem /Users/lyuda/anaconda3/envs/libefp-dev/include -O3 -DNDEBUG -arch arm64 -isysroot /Applications/Xcode.app/Contents/Developer/Platforms/MacOSX.platform/Developer/SDKs/MacOSX.sdk -fPIE -fopenmp=libomp -MD -MT efpmd/CMakeFiles/efpmd.dir/src/common.c.o -MF CMakeFiles/efpmd.dir/src/common.c.o.d -o CMakeFiles/efpmd.dir/src/common.c.o -c /Users/lyuda/LIBEFP/libefp_2026/efpmd/src/common.c
[ 68%] Building C object efpmd/CMakeFiles/efpmd.dir/src/efield.c.o
cd /Users/lyuda/LIBEFP/libefp_2026/build/efpmd && /Users/lyuda/anaconda3/envs/psi4_2026/bin/arm64-apple-darwin20.0.0-clang -DFRAGLIB_PATH=\"/../fraglib\" -DML_PATH=\"../nnlib/\" -DUSING_libefp -I/Users/lyuda/LIBEFP/libefp_2026/efpmd/libff -I/Users/lyuda/LIBEFP/libefp_2026/efpmd/libopt -I/Users/lyuda/LIBEFP/libefp_2026/efpmd/../src -ftree-vectorize -fPIC -fstack-protector-strong -O2 -pipe -isystem /Users/lyuda/anaconda3/envs/psi4_2026/include -ftree-vectorize -fPIC -fstack-protector-strong -O2 -pipe -isystem /Users/lyuda/anaconda3/envs/libefp-dev/include -ftree-vectorize -fPIC -fstack-protector-strong -O2 -pipe -isystem /Users/lyuda/anaconda3/envs/libefp-dev/include -O3 -DNDEBUG -arch arm64 -isysroot /Applications/Xcode.app/Contents/Developer/Platforms/MacOSX.platform/Developer/SDKs/MacOSX.sdk -fPIE -fopenmp=libomp -MD -MT efpmd/CMakeFiles/efpmd.dir/src/efield.c.o -MF CMakeFiles/efpmd.dir/src/efield.c.o.d -o CMakeFiles/efpmd.dir/src/efield.c.o -c /Users/lyuda/LIBEFP/libefp_2026/efpmd/src/efield.c
[ 71%] Building C object efpmd/CMakeFiles/efpmd.dir/src/energy.c.o
cd /Users/lyuda/LIBEFP/libefp_2026/build/efpmd && /Users/lyuda/anaconda3/envs/psi4_2026/bin/arm64-apple-darwin20.0.0-clang -DFRAGLIB_PATH=\"/../fraglib\" -DML_PATH=\"../nnlib/\" -DUSING_libefp -I/Users/lyuda/LIBEFP/libefp_2026/efpmd/libff -I/Users/lyuda/LIBEFP/libefp_2026/efpmd/libopt -I/Users/lyuda/LIBEFP/libefp_2026/efpmd/../src -ftree-vectorize -fPIC -fstack-protector-strong -O2 -pipe -isystem /Users/lyuda/anaconda3/envs/psi4_2026/include -ftree-vectorize -fPIC -fstack-protector-strong -O2 -pipe -isystem /Users/lyuda/anaconda3/envs/libefp-dev/include -ftree-vectorize -fPIC -fstack-protector-strong -O2 -pipe -isystem /Users/lyuda/anaconda3/envs/libefp-dev/include -O3 -DNDEBUG -arch arm64 -isysroot /Applications/Xcode.app/Contents/Developer/Platforms/MacOSX.platform/Developer/SDKs/MacOSX.sdk -fPIE -fopenmp=libomp -MD -MT efpmd/CMakeFiles/efpmd.dir/src/energy.c.o -MF CMakeFiles/efpmd.dir/src/energy.c.o.d -o CMakeFiles/efpmd.dir/src/energy.c.o -c /Users/lyuda/LIBEFP/libefp_2026/efpmd/src/energy.c
[ 73%] Building C object efpmd/CMakeFiles/efpmd.dir/src/grad.c.o
cd /Users/lyuda/LIBEFP/libefp_2026/build/efpmd && /Users/lyuda/anaconda3/envs/psi4_2026/bin/arm64-apple-darwin20.0.0-clang -DFRAGLIB_PATH=\"/../fraglib\" -DML_PATH=\"../nnlib/\" -DUSING_libefp -I/Users/lyuda/LIBEFP/libefp_2026/efpmd/libff -I/Users/lyuda/LIBEFP/libefp_2026/efpmd/libopt -I/Users/lyuda/LIBEFP/libefp_2026/efpmd/../src -ftree-vectorize -fPIC -fstack-protector-strong -O2 -pipe -isystem /Users/lyuda/anaconda3/envs/psi4_2026/include -ftree-vectorize -fPIC -fstack-protector-strong -O2 -pipe -isystem /Users/lyuda/anaconda3/envs/libefp-dev/include -ftree-vectorize -fPIC -fstack-protector-strong -O2 -pipe -isystem /Users/lyuda/anaconda3/envs/libefp-dev/include -O3 -DNDEBUG -arch arm64 -isysroot /Applications/Xcode.app/Contents/Developer/Platforms/MacOSX.platform/Developer/SDKs/MacOSX.sdk -fPIE -fopenmp=libomp -MD -MT efpmd/CMakeFiles/efpmd.dir/src/grad.c.o -MF CMakeFiles/efpmd.dir/src/grad.c.o.d -o CMakeFiles/efpmd.dir/src/grad.c.o -c /Users/lyuda/LIBEFP/libefp_2026/efpmd/src/grad.c
[ 76%] Building C object efpmd/CMakeFiles/efpmd.dir/src/gtest.c.o
cd /Users/lyuda/LIBEFP/libefp_2026/build/efpmd && /Users/lyuda/anaconda3/envs/psi4_2026/bin/arm64-apple-darwin20.0.0-clang -DFRAGLIB_PATH=\"/../fraglib\" -DML_PATH=\"../nnlib/\" -DUSING_libefp -I/Users/lyuda/LIBEFP/libefp_2026/efpmd/libff -I/Users/lyuda/LIBEFP/libefp_2026/efpmd/libopt -I/Users/lyuda/LIBEFP/libefp_2026/efpmd/../src -ftree-vectorize -fPIC -fstack-protector-strong -O2 -pipe -isystem /Users/lyuda/anaconda3/envs/psi4_2026/include -ftree-vectorize -fPIC -fstack-protector-strong -O2 -pipe -isystem /Users/lyuda/anaconda3/envs/libefp-dev/include -ftree-vectorize -fPIC -fstack-protector-strong -O2 -pipe -isystem /Users/lyuda/anaconda3/envs/libefp-dev/include -O3 -DNDEBUG -arch arm64 -isysroot /Applications/Xcode.app/Contents/Developer/Platforms/MacOSX.platform/Developer/SDKs/MacOSX.sdk -fPIE -fopenmp=libomp -MD -MT efpmd/CMakeFiles/efpmd.dir/src/gtest.c.o -MF CMakeFiles/efpmd.dir/src/gtest.c.o.d -o CMakeFiles/efpmd.dir/src/gtest.c.o -c /Users/lyuda/LIBEFP/libefp_2026/efpmd/src/gtest.c
[ 78%] Building C object efpmd/CMakeFiles/efpmd.dir/src/hess.c.o
cd /Users/lyuda/LIBEFP/libefp_2026/build/efpmd && /Users/lyuda/anaconda3/envs/psi4_2026/bin/arm64-apple-darwin20.0.0-clang -DFRAGLIB_PATH=\"/../fraglib\" -DML_PATH=\"../nnlib/\" -DUSING_libefp -I/Users/lyuda/LIBEFP/libefp_2026/efpmd/libff -I/Users/lyuda/LIBEFP/libefp_2026/efpmd/libopt -I/Users/lyuda/LIBEFP/libefp_2026/efpmd/../src -ftree-vectorize -fPIC -fstack-protector-strong -O2 -pipe -isystem /Users/lyuda/anaconda3/envs/psi4_2026/include -ftree-vectorize -fPIC -fstack-protector-strong -O2 -pipe -isystem /Users/lyuda/anaconda3/envs/libefp-dev/include -ftree-vectorize -fPIC -fstack-protector-strong -O2 -pipe -isystem /Users/lyuda/anaconda3/envs/libefp-dev/include -O3 -DNDEBUG -arch arm64 -isysroot /Applications/Xcode.app/Contents/Developer/Platforms/MacOSX.platform/Developer/SDKs/MacOSX.sdk -fPIE -fopenmp=libomp -MD -MT efpmd/CMakeFiles/efpmd.dir/src/hess.c.o -MF CMakeFiles/efpmd.dir/src/hess.c.o.d -o CMakeFiles/efpmd.dir/src/hess.c.o -c /Users/lyuda/LIBEFP/libefp_2026/efpmd/src/hess.c
[ 81%] Building C object efpmd/CMakeFiles/efpmd.dir/src/main.c.o
cd /Users/lyuda/LIBEFP/libefp_2026/build/efpmd && /Users/lyuda/anaconda3/envs/psi4_2026/bin/arm64-apple-darwin20.0.0-clang -DFRAGLIB_PATH=\"/../fraglib\" -DML_PATH=\"../nnlib/\" -DUSING_libefp -I/Users/lyuda/LIBEFP/libefp_2026/efpmd/libff -I/Users/lyuda/LIBEFP/libefp_2026/efpmd/libopt -I/Users/lyuda/LIBEFP/libefp_2026/efpmd/../src -ftree-vectorize -fPIC -fstack-protector-strong -O2 -pipe -isystem /Users/lyuda/anaconda3/envs/psi4_2026/include -ftree-vectorize -fPIC -fstack-protector-strong -O2 -pipe -isystem /Users/lyuda/anaconda3/envs/libefp-dev/include -ftree-vectorize -fPIC -fstack-protector-strong -O2 -pipe -isystem /Users/lyuda/anaconda3/envs/libefp-dev/include -O3 -DNDEBUG -arch arm64 -isysroot /Applications/Xcode.app/Contents/Developer/Platforms/MacOSX.platform/Developer/SDKs/MacOSX.sdk -fPIE -fopenmp=libomp -MD -MT efpmd/CMakeFiles/efpmd.dir/src/main.c.o -MF CMakeFiles/efpmd.dir/src/main.c.o.d -o CMakeFiles/efpmd.dir/src/main.c.o -c /Users/lyuda/LIBEFP/libefp_2026/efpmd/src/main.c
[ 84%] Building C object efpmd/CMakeFiles/efpmd.dir/src/md.c.o
cd /Users/lyuda/LIBEFP/libefp_2026/build/efpmd && /Users/lyuda/anaconda3/envs/psi4_2026/bin/arm64-apple-darwin20.0.0-clang -DFRAGLIB_PATH=\"/../fraglib\" -DML_PATH=\"../nnlib/\" -DUSING_libefp -I/Users/lyuda/LIBEFP/libefp_2026/efpmd/libff -I/Users/lyuda/LIBEFP/libefp_2026/efpmd/libopt -I/Users/lyuda/LIBEFP/libefp_2026/efpmd/../src -ftree-vectorize -fPIC -fstack-protector-strong -O2 -pipe -isystem /Users/lyuda/anaconda3/envs/psi4_2026/include -ftree-vectorize -fPIC -fstack-protector-strong -O2 -pipe -isystem /Users/lyuda/anaconda3/envs/libefp-dev/include -ftree-vectorize -fPIC -fstack-protector-strong -O2 -pipe -isystem /Users/lyuda/anaconda3/envs/libefp-dev/include -O3 -DNDEBUG -arch arm64 -isysroot /Applications/Xcode.app/Contents/Developer/Platforms/MacOSX.platform/Developer/SDKs/MacOSX.sdk -fPIE -fopenmp=libomp -MD -MT efpmd/CMakeFiles/efpmd.dir/src/md.c.o -MF CMakeFiles/efpmd.dir/src/md.c.o.d -o CMakeFiles/efpmd.dir/src/md.c.o -c /Users/lyuda/LIBEFP/libefp_2026/efpmd/src/md.c
[ 86%] Building C object efpmd/CMakeFiles/efpmd.dir/src/msg.c.o
cd /Users/lyuda/LIBEFP/libefp_2026/build/efpmd && /Users/lyuda/anaconda3/envs/psi4_2026/bin/arm64-apple-darwin20.0.0-clang -DFRAGLIB_PATH=\"/../fraglib\" -DML_PATH=\"../nnlib/\" -DUSING_libefp -I/Users/lyuda/LIBEFP/libefp_2026/efpmd/libff -I/Users/lyuda/LIBEFP/libefp_2026/efpmd/libopt -I/Users/lyuda/LIBEFP/libefp_2026/efpmd/../src -ftree-vectorize -fPIC -fstack-protector-strong -O2 -pipe -isystem /Users/lyuda/anaconda3/envs/psi4_2026/include -ftree-vectorize -fPIC -fstack-protector-strong -O2 -pipe -isystem /Users/lyuda/anaconda3/envs/libefp-dev/include -ftree-vectorize -fPIC -fstack-protector-strong -O2 -pipe -isystem /Users/lyuda/anaconda3/envs/libefp-dev/include -O3 -DNDEBUG -arch arm64 -isysroot /Applications/Xcode.app/Contents/Developer/Platforms/MacOSX.platform/Developer/SDKs/MacOSX.sdk -fPIE -fopenmp=libomp -MD -MT efpmd/CMakeFiles/efpmd.dir/src/msg.c.o -MF CMakeFiles/efpmd.dir/src/msg.c.o.d -o CMakeFiles/efpmd.dir/src/msg.c.o -c /Users/lyuda/LIBEFP/libefp_2026/efpmd/src/msg.c
[ 89%] Building C object efpmd/CMakeFiles/efpmd.dir/src/opt.c.o
cd /Users/lyuda/LIBEFP/libefp_2026/build/efpmd && /Users/lyuda/anaconda3/envs/psi4_2026/bin/arm64-apple-darwin20.0.0-clang -DFRAGLIB_PATH=\"/../fraglib\" -DML_PATH=\"../nnlib/\" -DUSING_libefp -I/Users/lyuda/LIBEFP/libefp_2026/efpmd/libff -I/Users/lyuda/LIBEFP/libefp_2026/efpmd/libopt -I/Users/lyuda/LIBEFP/libefp_2026/efpmd/../src -ftree-vectorize -fPIC -fstack-protector-strong -O2 -pipe -isystem /Users/lyuda/anaconda3/envs/psi4_2026/include -ftree-vectorize -fPIC -fstack-protector-strong -O2 -pipe -isystem /Users/lyuda/anaconda3/envs/libefp-dev/include -ftree-vectorize -fPIC -fstack-protector-strong -O2 -pipe -isystem /Users/lyuda/anaconda3/envs/libefp-dev/include -O3 -DNDEBUG -arch arm64 -isysroot /Applications/Xcode.app/Contents/Developer/Platforms/MacOSX.platform/Developer/SDKs/MacOSX.sdk -fPIE -fopenmp=libomp -MD -MT efpmd/CMakeFiles/efpmd.dir/src/opt.c.o -MF CMakeFiles/efpmd.dir/src/opt.c.o.d -o CMakeFiles/efpmd.dir/src/opt.c.o -c /Users/lyuda/LIBEFP/libefp_2026/efpmd/src/opt.c
[ 92%] Building C object efpmd/CMakeFiles/efpmd.dir/src/parse.c.o
cd /Users/lyuda/LIBEFP/libefp_2026/build/efpmd && /Users/lyuda/anaconda3/envs/psi4_2026/bin/arm64-apple-darwin20.0.0-clang -DFRAGLIB_PATH=\"/../fraglib\" -DML_PATH=\"../nnlib/\" -DUSING_libefp -I/Users/lyuda/LIBEFP/libefp_2026/efpmd/libff -I/Users/lyuda/LIBEFP/libefp_2026/efpmd/libopt -I/Users/lyuda/LIBEFP/libefp_2026/efpmd/../src -ftree-vectorize -fPIC -fstack-protector-strong -O2 -pipe -isystem /Users/lyuda/anaconda3/envs/psi4_2026/include -ftree-vectorize -fPIC -fstack-protector-strong -O2 -pipe -isystem /Users/lyuda/anaconda3/envs/libefp-dev/include -ftree-vectorize -fPIC -fstack-protector-strong -O2 -pipe -isystem /Users/lyuda/anaconda3/envs/libefp-dev/include -O3 -DNDEBUG -arch arm64 -isysroot /Applications/Xcode.app/Contents/Developer/Platforms/MacOSX.platform/Developer/SDKs/MacOSX.sdk -fPIE -fopenmp=libomp -MD -MT efpmd/CMakeFiles/efpmd.dir/src/parse.c.o -MF CMakeFiles/efpmd.dir/src/parse.c.o.d -o CMakeFiles/efpmd.dir/src/parse.c.o -c /Users/lyuda/LIBEFP/libefp_2026/efpmd/src/parse.c
[ 94%] Building C object efpmd/CMakeFiles/efpmd.dir/src/rand.c.o
cd /Users/lyuda/LIBEFP/libefp_2026/build/efpmd && /Users/lyuda/anaconda3/envs/psi4_2026/bin/arm64-apple-darwin20.0.0-clang -DFRAGLIB_PATH=\"/../fraglib\" -DML_PATH=\"../nnlib/\" -DUSING_libefp -I/Users/lyuda/LIBEFP/libefp_2026/efpmd/libff -I/Users/lyuda/LIBEFP/libefp_2026/efpmd/libopt -I/Users/lyuda/LIBEFP/libefp_2026/efpmd/../src -ftree-vectorize -fPIC -fstack-protector-strong -O2 -pipe -isystem /Users/lyuda/anaconda3/envs/psi4_2026/include -ftree-vectorize -fPIC -fstack-protector-strong -O2 -pipe -isystem /Users/lyuda/anaconda3/envs/libefp-dev/include -ftree-vectorize -fPIC -fstack-protector-strong -O2 -pipe -isystem /Users/lyuda/anaconda3/envs/libefp-dev/include -O3 -DNDEBUG -arch arm64 -isysroot /Applications/Xcode.app/Contents/Developer/Platforms/MacOSX.platform/Developer/SDKs/MacOSX.sdk -fPIE -fopenmp=libomp -MD -MT efpmd/CMakeFiles/efpmd.dir/src/rand.c.o -MF CMakeFiles/efpmd.dir/src/rand.c.o.d -o CMakeFiles/efpmd.dir/src/rand.c.o -c /Users/lyuda/LIBEFP/libefp_2026/efpmd/src/rand.c
[ 97%] Building C object efpmd/CMakeFiles/efpmd.dir/src/sp.c.o
cd /Users/lyuda/LIBEFP/libefp_2026/build/efpmd && /Users/lyuda/anaconda3/envs/psi4_2026/bin/arm64-apple-darwin20.0.0-clang -DFRAGLIB_PATH=\"/../fraglib\" -DML_PATH=\"../nnlib/\" -DUSING_libefp -I/Users/lyuda/LIBEFP/libefp_2026/efpmd/libff -I/Users/lyuda/LIBEFP/libefp_2026/efpmd/libopt -I/Users/lyuda/LIBEFP/libefp_2026/efpmd/../src -ftree-vectorize -fPIC -fstack-protector-strong -O2 -pipe -isystem /Users/lyuda/anaconda3/envs/psi4_2026/include -ftree-vectorize -fPIC -fstack-protector-strong -O2 -pipe -isystem /Users/lyuda/anaconda3/envs/libefp-dev/include -ftree-vectorize -fPIC -fstack-protector-strong -O2 -pipe -isystem /Users/lyuda/anaconda3/envs/libefp-dev/include -O3 -DNDEBUG -arch arm64 -isysroot /Applications/Xcode.app/Contents/Developer/Platforms/MacOSX.platform/Developer/SDKs/MacOSX.sdk -fPIE -fopenmp=libomp -MD -MT efpmd/CMakeFiles/efpmd.dir/src/sp.c.o -MF CMakeFiles/efpmd.dir/src/sp.c.o.d -o CMakeFiles/efpmd.dir/src/sp.c.o -c /Users/lyuda/LIBEFP/libefp_2026/efpmd/src/sp.c
[100%] Linking Fortran executable efpmd
cd /Users/lyuda/LIBEFP/libefp_2026/build/efpmd && /Users/lyuda/anaconda3/envs/psi4_2026/bin/cmake -E cmake_link_script CMakeFiles/efpmd.dir/link.txt --verbose=1
ld: warning: duplicate -rpath '/Users/lyuda/anaconda3/envs/libefp-dev/lib' ignored
ld: warning: duplicate -rpath '/Users/lyuda/anaconda3/envs/libefp-dev/lib' ignored
ld: warning: duplicate -rpath '/Users/lyuda/anaconda3/envs/libefp-dev/lib' ignored
/Users/lyuda/anaconda3/envs/libefp-dev/bin/arm64-apple-darwin20.0.0-gfortran -Wl,-headerpad_max_install_names -Wl,-dead_strip_dylibs -Wl,-rpath,/Users/lyuda/anaconda3/envs/psi4_2026/lib -L/Users/lyuda/anaconda3/envs/psi4_2026/lib -Wl,-headerpad_max_install_names -Wl,-dead_strip_dylibs -Wl,-rpath,/Users/lyuda/anaconda3/envs/libefp-dev/lib -L/Users/lyuda/anaconda3/envs/libefp-dev/lib -Wl,-headerpad_max_install_names -Wl,-dead_strip_dylibs -Wl,-rpath,/Users/lyuda/anaconda3/envs/libefp-dev/lib -L/Users/lyuda/anaconda3/envs/libefp-dev/lib -march=armv8.3-a -ftree-vectorize -fPIC -fno-stack-protector -O2 -pipe -isystem /Users/lyuda/anaconda3/envs/libefp-dev/include -O3 -isysroot /Applications/Xcode.app/Contents/Developer/Platforms/MacOSX.platform/Developer/SDKs/MacOSX.sdk CMakeFiles/efpmd.dir/src/cfg.c.o CMakeFiles/efpmd.dir/src/common.c.o CMakeFiles/efpmd.dir/src/efield.c.o CMakeFiles/efpmd.dir/src/energy.c.o CMakeFiles/efpmd.dir/src/grad.c.o CMakeFiles/efpmd.dir/src/gtest.c.o CMakeFiles/efpmd.dir/src/hess.c.o CMakeFiles/efpmd.dir/src/main.c.o CMakeFiles/efpmd.dir/src/md.c.o CMakeFiles/efpmd.dir/src/msg.c.o CMakeFiles/efpmd.dir/src/opt.c.o CMakeFiles/efpmd.dir/src/parse.c.o CMakeFiles/efpmd.dir/src/rand.c.o CMakeFiles/efpmd.dir/src/sp.c.o CMakeFiles/libff.dir/libff/ff.c.o CMakeFiles/libopt.dir/libopt/opt.c.o CMakeFiles/libopt.dir/libopt/blas.f.o CMakeFiles/libopt.dir/libopt/lbfgsb.f.o CMakeFiles/libopt.dir/libopt/linpack.f.o CMakeFiles/libopt.dir/libopt/timer.f.o -o efpmd  ../libefp.a /Users/lyuda/anaconda3/envs/psi4_2026/lib/liblapack.dylib /Users/lyuda/anaconda3/envs/psi4_2026/lib/libblas.dylib /Users/lyuda/anaconda3/envs/psi4_2026/lib/libomp.dylib
[100%] Built target efpmd
/Users/lyuda/anaconda3/envs/psi4_2026/bin/cmake -E cmake_progress_start /Users/lyuda/LIBEFP/libefp_2026/build/CMakeFiles 0
[ 44%] Built target efp
[ 47%] Built target libff
[ 60%] Built target libopt
[100%] Built target efpmd
Install the project...
-- Install configuration: "Release"
-- Installing: /Users/lyuda/LIBEFP/libefp_2026/bin/efpmd
/Users/lyuda/anaconda3/envs/libefp-dev/bin/install_name_tool: warning: changes being made to the file will invalidate the code signature in: /Users/lyuda/LIBEFP/libefp_2026/bin/efpmd
[cctools-port]: generating fake signature for '/Users/lyuda/LIBEFP/libefp_2026/bin/efpmd'
-- Installing: /Users/lyuda/LIBEFP/libefp_2026/share/cmake/libefp/libefpTargets-exe.cmake
-- Installing: /Users/lyuda/LIBEFP/libefp_2026/share/cmake/libefp/libefpTargets-exe-release.cmake
-- Up-to-date: /Users/lyuda/LIBEFP/libefp_2026/share/libefp/makefp.inp
-- Up-to-date: /Users/lyuda/LIBEFP/libefp_2026/share/libefp/fraglib
-- Installing: /Users/lyuda/LIBEFP/libefp_2026/share/libefp/fraglib/ch2o_lj.efp
-- Installing: /Users/lyuda/LIBEFP/libefp_2026/share/libefp/fraglib/h2o_polab.efp
-- Installing: /Users/lyuda/LIBEFP/libefp_2026/share/libefp/fraglib/c6h6.efp
-- Up-to-date: /Users/lyuda/LIBEFP/libefp_2026/share/libefp/fraglib/databases
-- Installing: /Users/lyuda/LIBEFP/libefp_2026/share/libefp/fraglib/databases/pyrazine.efp
-- Installing: /Users/lyuda/LIBEFP/libefp_2026/share/libefp/fraglib/databases/methanol.efp
-- Installing: /Users/lyuda/LIBEFP/libefp_2026/share/libefp/fraglib/databases/phenol.efp
-- Installing: /Users/lyuda/LIBEFP/libefp_2026/share/libefp/fraglib/databases/indole.efp
-- Installing: /Users/lyuda/LIBEFP/libefp_2026/share/libefp/fraglib/databases/benzene.efp
-- Installing: /Users/lyuda/LIBEFP/libefp_2026/share/libefp/fraglib/databases/cyclopentane.efp
-- Installing: /Users/lyuda/LIBEFP/libefp_2026/share/libefp/fraglib/databases/aceticacid-gp.efp
-- Installing: /Users/lyuda/LIBEFP/libefp_2026/share/libefp/fraglib/databases/thymine-stack.efp
-- Installing: /Users/lyuda/LIBEFP/libefp_2026/share/libefp/fraglib/databases/pentane.efp
-- Installing: /Users/lyuda/LIBEFP/libefp_2026/share/libefp/fraglib/databases/pyridone.efp
-- Installing: /Users/lyuda/LIBEFP/libefp_2026/share/libefp/fraglib/databases/ammonia.efp
-- Installing: /Users/lyuda/LIBEFP/libefp_2026/share/libefp/fraglib/databases/methane.efp
-- Installing: /Users/lyuda/LIBEFP/libefp_2026/share/libefp/fraglib/databases/pyridine.efp
-- Installing: /Users/lyuda/LIBEFP/libefp_2026/share/libefp/fraglib/databases/acetamide-hb.efp
-- Installing: /Users/lyuda/LIBEFP/libefp_2026/share/libefp/fraglib/databases/adenine-wc.efp
-- Installing: /Users/lyuda/LIBEFP/libefp_2026/share/libefp/fraglib/databases/neopentane.efp
-- Installing: /Users/lyuda/LIBEFP/libefp_2026/share/libefp/fraglib/databases/ethyne.efp
-- Installing: /Users/lyuda/LIBEFP/libefp_2026/share/libefp/fraglib/databases/2aminopyridine.efp
-- Installing: /Users/lyuda/LIBEFP/libefp_2026/share/libefp/fraglib/databases/methylamine.efp
-- Installing: /Users/lyuda/LIBEFP/libefp_2026/share/libefp/fraglib/databases/uracil-gp.efp
-- Installing: /Users/lyuda/LIBEFP/libefp_2026/share/libefp/fraglib/databases/water.efp
-- Installing: /Users/lyuda/LIBEFP/libefp_2026/share/libefp/fraglib/databases/nmethylacetamide.efp
-- Installing: /Users/lyuda/LIBEFP/libefp_2026/share/libefp/fraglib/databases/thymine-wc.efp
-- Installing: /Users/lyuda/LIBEFP/libefp_2026/share/libefp/fraglib/databases/acetamide-gp.efp
-- Installing: /Users/lyuda/LIBEFP/libefp_2026/share/libefp/fraglib/databases/formicacid.efp
-- Installing: /Users/lyuda/LIBEFP/libefp_2026/share/libefp/fraglib/databases/uracil.efp
-- Installing: /Users/lyuda/LIBEFP/libefp_2026/share/libefp/fraglib/databases/hydrogencyanide.efp
-- Installing: /Users/lyuda/LIBEFP/libefp_2026/share/libefp/fraglib/databases/formamide.efp
-- Installing: /Users/lyuda/LIBEFP/libefp_2026/share/libefp/fraglib/databases/aceticacid-hb.efp
-- Installing: /Users/lyuda/LIBEFP/libefp_2026/share/libefp/fraglib/databases/ethene.efp
-- Installing: /Users/lyuda/LIBEFP/libefp_2026/share/libefp/fraglib/databases/adenine-stack.efp
-- Installing: /Users/lyuda/LIBEFP/libefp_2026/share/libefp/fraglib/acetone.efp
-- Installing: /Users/lyuda/LIBEFP/libefp_2026/share/libefp/fraglib/ch4.efp
-- Installing: /Users/lyuda/LIBEFP/libefp_2026/share/libefp/fraglib/xxii_exp_n2_1.efp
-- Installing: /Users/lyuda/LIBEFP/libefp_2026/share/libefp/fraglib/ccl4.efp
-- Installing: /Users/lyuda/LIBEFP/libefp_2026/share/libefp/fraglib/xxii_exp_n2_2.efp
-- Installing: /Users/lyuda/LIBEFP/libefp_2026/share/libefp/fraglib/h2o.efp
-- Installing: /Users/lyuda/LIBEFP/libefp_2026/share/libefp/fraglib/tip3p_mm.efp
-- Installing: /Users/lyuda/LIBEFP/libefp_2026/share/libefp/fraglib/h2o_reduced.efp
-- Installing: /Users/lyuda/LIBEFP/libefp_2026/share/libefp/fraglib/tetracene.efp
-- Installing: /Users/lyuda/LIBEFP/libefp_2026/share/libefp/fraglib/cl2.efp
-- Installing: /Users/lyuda/LIBEFP/libefp_2026/share/libefp/fraglib/ch3oh.efp
-- Installing: /Users/lyuda/LIBEFP/libefp_2026/share/libefp/fraglib/nh3.efp
-- Installing: /Users/lyuda/LIBEFP/libefp_2026/share/libefp/fraglib/h2.efp
-- Installing: /Users/lyuda/LIBEFP/libefp_2026/share/libefp/fraglib/c2h5oh.efp
-- Installing: /Users/lyuda/LIBEFP/libefp_2026/share/libefp/fraglib/dcm.efp
-- Installing: /Users/lyuda/LIBEFP/libefp_2026/share/libefp/fraglib/ethane.efp
-- Installing: /Users/lyuda/LIBEFP/libefp_2026/share/libefp/fraglib/oxalicb.efp
-- Installing: /Users/lyuda/LIBEFP/libefp_2026/share/libefp/fraglib/dmso.efp
-- Installing: /Users/lyuda/LIBEFP/libefp_2026/share/libefp/fraglib/nh3-mm.efp
-- Installing: /Users/lyuda/LIBEFP/libefp_2026/share/libefp/fraglib/tba_mm.efp
-- Installing: /Users/lyuda/LIBEFP/libefp_2026/share/libefp/fraglib/h2o-mm.efp
-- Installing: /Users/lyuda/LIBEFP/libefp_2026/share/libefp/fraglib/pentacene.efp
-- Up-to-date: /Users/lyuda/LIBEFP/libefp_2026/include/efp.h
-- Installing: /Users/lyuda/LIBEFP/libefp_2026/lib/libefp.a
-- Installing: /Users/lyuda/LIBEFP/libefp_2026/share/cmake/libefp/libefpConfig.cmake
-- Installing: /Users/lyuda/LIBEFP/libefp_2026/share/cmake/libefp/libefpConfigVersion.cmake
-- Up-to-date: /Users/lyuda/LIBEFP/libefp_2026/share/cmake/libefp/FindTargetLAPACK.cmake
-- Installing: /Users/lyuda/LIBEFP/libefp_2026/share/cmake/libefp/libefpTargets-C.cmake
-- Installing: /Users/lyuda/LIBEFP/libefp_2026/share/cmake/libefp/libefpTargets-C-release.cmake
Compilation complete. You can now run test jobs as '/Users/lyuda/LIBEFP/libefp_2026/bin/efpmd input.in' from the tests directory.
