Performing C SOURCE FILE Test test_option failed with the following output:
Change Dir: /scratch/bell/paulsk/libefp/build/CMakeFiles/CMakeTmp

Run Build Command(s):/usr/bin/gmake cmTC_4cd4e/fast && /usr/bin/gmake  -f CMakeFiles/cmTC_4cd4e.dir/build.make CMakeFiles/cmTC_4cd4e.dir/build
gmake[1]: Entering directory `/scratch/bell/paulsk/libefp/build/CMakeFiles/CMakeTmp'
Building C object CMakeFiles/cmTC_4cd4e.dir/src.c.o
/apps/spack/bell/apps/openmpi/3.1.6-gcc-10.2.0-kn4ct52/bin/mpicc   -Dtest_option   -xHost -o CMakeFiles/cmTC_4cd4e.dir/src.c.o -c /scratch/bell/paulsk/libefp/build/CMakeFiles/CMakeTmp/src.c
gcc: error: language Host not recognized
gcc: error: language Host not recognized
gmake[1]: *** [CMakeFiles/cmTC_4cd4e.dir/src.c.o] Error 1
gmake[1]: Leaving directory `/scratch/bell/paulsk/libefp/build/CMakeFiles/CMakeTmp'
gmake: *** [cmTC_4cd4e/fast] Error 2


Source file was:
int main(void) { return 0; }
Determining if the function sgemm_ exists failed with the following output:
Change Dir: /scratch/bell/paulsk/libefp/build/CMakeFiles/CMakeTmp

Run Build Command(s):/usr/bin/gmake cmTC_7393a/fast && /usr/bin/gmake  -f CMakeFiles/cmTC_7393a.dir/build.make CMakeFiles/cmTC_7393a.dir/build
gmake[1]: Entering directory `/scratch/bell/paulsk/libefp/build/CMakeFiles/CMakeTmp'
Building C object CMakeFiles/cmTC_7393a.dir/CheckFunctionExists.c.o
/apps/spack/bell/apps/openmpi/3.1.6-gcc-10.2.0-kn4ct52/bin/mpicc   -DCHECK_FUNCTION_EXISTS=sgemm_ -o CMakeFiles/cmTC_7393a.dir/CheckFunctionExists.c.o -c /apps/spack/bell/apps/cmake/3.18.2-gcc-10.2.0-z3hxs65/share/cmake-3.18/Modules/CheckFunctionExists.c
Linking C executable cmTC_7393a
/apps/spack/bell/apps/cmake/3.18.2-gcc-10.2.0-z3hxs65/bin/cmake -E cmake_link_script CMakeFiles/cmTC_7393a.dir/link.txt --verbose=1
/apps/spack/bell/apps/openmpi/3.1.6-gcc-10.2.0-kn4ct52/bin/mpicc  -DCHECK_FUNCTION_EXISTS=sgemm_ -rdynamic CMakeFiles/cmTC_7393a.dir/CheckFunctionExists.c.o -o cmTC_7393a 
CMakeFiles/cmTC_7393a.dir/CheckFunctionExists.c.o: In function `main':
CheckFunctionExists.c:(.text+0x10): undefined reference to `sgemm_'
/usr/bin/ld: link errors found, deleting executable `cmTC_7393a'
/usr/bin/sha1sum: cmTC_7393a: No such file or directory
collect2: error: ld returned 1 exit status
gmake[1]: *** [cmTC_7393a] Error 1
gmake[1]: Leaving directory `/scratch/bell/paulsk/libefp/build/CMakeFiles/CMakeTmp'
gmake: *** [cmTC_7393a/fast] Error 2



